2022-04-27 14:39:46,606 [INFO] sqlalchemy.engine.Engine: BEGIN (implicit)
2022-04-27 14:39:46,609 [INFO] sqlalchemy.engine.Engine: SELECT locations.id AS locations_id, locations.title AS locations_title, locations.longitude AS locations_longitude, locations.latitude AS locations_latitude, locations.population AS locations_population, locations.user_id AS locations_user_id 
FROM locations
2022-04-27 14:39:46,609 [INFO] sqlalchemy.engine.Engine: [generated in 0.00054s] ()
2022-04-27 14:39:46,614 [INFO] sqlalchemy.engine.Engine: ROLLBACK
2022-04-27 14:40:00,722 [INFO] sqlalchemy.engine.Engine: BEGIN (implicit)
2022-04-27 14:40:00,725 [INFO] sqlalchemy.engine.Engine: SELECT users.is_active AS users_is_active, users.id AS users_id, users.email AS users_email, users.password AS users_password, users.about AS users_about, users.authenticated AS users_authenticated, users.registered_on AS users_registered_on, users.is_admin AS users_is_admin 
FROM users 
WHERE users.email = ?
 LIMIT ? OFFSET ?
2022-04-27 14:40:00,725 [INFO] sqlalchemy.engine.Engine: [generated in 0.00055s] ('rup3@njit.edu', 1, 0)
2022-04-27 14:40:41,296 [INFO] sqlalchemy.engine.Engine: BEGIN (implicit)
2022-04-27 14:40:41,297 [INFO] sqlalchemy.engine.Engine: SELECT users.is_active AS users_is_active, users.id AS users_id, users.email AS users_email, users.password AS users_password, users.about AS users_about, users.authenticated AS users_authenticated, users.registered_on AS users_registered_on, users.is_admin AS users_is_admin 
FROM users 
WHERE users.email = ?
 LIMIT ? OFFSET ?
2022-04-27 14:40:41,298 [INFO] sqlalchemy.engine.Engine: [cached since 40.57s ago] ('rup3@njit.edu', 1, 0)
2022-04-27 14:40:41,406 [INFO] sqlalchemy.engine.Engine: INSERT INTO users (email, password, about, authenticated, registered_on) VALUES (?, ?, ?, ?, ?)
2022-04-27 14:40:41,407 [INFO] sqlalchemy.engine.Engine: [generated in 0.00102s] ('rup3@njit.edu', 'pbkdf2:sha256:260000$c2FS0Td3BXLLqOaI$8aa70d5ac946db41177a88419de2f6957b6356e4137a5d9debcc4afa098579ac', None, 0, '2022-04-27 14:40:41.403747')
2022-04-27 14:40:41,421 [INFO] sqlalchemy.engine.Engine: COMMIT
2022-04-27 14:40:41,447 [INFO] sqlalchemy.engine.Engine: BEGIN (implicit)
2022-04-27 14:40:41,449 [INFO] sqlalchemy.engine.Engine: SELECT users.is_active AS users_is_active, users.id AS users_id, users.email AS users_email, users.password AS users_password, users.about AS users_about, users.authenticated AS users_authenticated, users.registered_on AS users_registered_on, users.is_admin AS users_is_admin 
FROM users 
WHERE users.id = ?
2022-04-27 14:40:41,450 [INFO] sqlalchemy.engine.Engine: [generated in 0.00065s] (1,)
2022-04-27 14:40:41,461 [INFO] sqlalchemy.engine.Engine: UPDATE users SET is_admin=? WHERE users.id = ?
2022-04-27 14:40:41,461 [INFO] sqlalchemy.engine.Engine: [generated in 0.00066s] (1, 1)
2022-04-27 14:40:41,470 [INFO] sqlalchemy.engine.Engine: COMMIT
2022-04-27 14:40:41,490 [INFO] sqlalchemy.engine.Engine: BEGIN (implicit)
2022-04-27 14:40:41,491 [INFO] sqlalchemy.engine.Engine: SELECT users.is_active AS users_is_active, users.id AS users_id, users.email AS users_email, users.password AS users_password, users.about AS users_about, users.authenticated AS users_authenticated, users.registered_on AS users_registered_on, users.is_admin AS users_is_admin 
FROM users 
WHERE users.id = ?
2022-04-27 14:40:41,491 [INFO] sqlalchemy.engine.Engine: [cached since 0.04215s ago] (1,)
2022-04-27 14:40:41,499 [INFO] sqlalchemy.engine.Engine: ROLLBACK
2022-04-27 14:41:46,653 [INFO] sqlalchemy.engine.Engine: BEGIN (implicit)
2022-04-27 14:41:46,654 [INFO] sqlalchemy.engine.Engine: SELECT users.is_active AS users_is_active, users.id AS users_id, users.email AS users_email, users.password AS users_password, users.about AS users_about, users.authenticated AS users_authenticated, users.registered_on AS users_registered_on, users.is_admin AS users_is_admin 
FROM users 
WHERE users.email = ?
 LIMIT ? OFFSET ?
2022-04-27 14:41:46,655 [INFO] sqlalchemy.engine.Engine: [cached since 105.9s ago] ('rup3@njit.edu', 1, 0)
2022-04-27 14:41:46,751 [INFO] sqlalchemy.engine.Engine: UPDATE users SET authenticated=? WHERE users.id = ?
2022-04-27 14:41:46,751 [INFO] sqlalchemy.engine.Engine: [generated in 0.00077s] (1, 1)
2022-04-27 14:41:46,762 [INFO] sqlalchemy.engine.Engine: COMMIT
2022-04-27 14:41:46,790 [INFO] sqlalchemy.engine.Engine: BEGIN (implicit)
2022-04-27 14:41:46,791 [INFO] sqlalchemy.engine.Engine: SELECT users.is_active AS users_is_active, users.id AS users_id, users.email AS users_email, users.password AS users_password, users.about AS users_about, users.authenticated AS users_authenticated, users.registered_on AS users_registered_on, users.is_admin AS users_is_admin 
FROM users 
WHERE users.id = ?
2022-04-27 14:41:46,791 [INFO] sqlalchemy.engine.Engine: [cached since 65.34s ago] (1,)
2022-04-27 14:41:46,799 [INFO] sqlalchemy.engine.Engine: ROLLBACK
2022-04-27 14:41:46,811 [INFO] sqlalchemy.engine.Engine: BEGIN (implicit)
2022-04-27 14:41:46,813 [INFO] sqlalchemy.engine.Engine: SELECT users.is_active AS users_is_active, users.id AS users_id, users.email AS users_email, users.password AS users_password, users.about AS users_about, users.authenticated AS users_authenticated, users.registered_on AS users_registered_on, users.is_admin AS users_is_admin 
FROM users 
WHERE users.id = ?
2022-04-27 14:41:46,814 [INFO] sqlalchemy.engine.Engine: [generated in 0.00072s] (1,)
2022-04-27 14:41:46,832 [INFO] sqlalchemy.engine.Engine: ROLLBACK
2022-04-27 14:42:58,776 [INFO] sqlalchemy.engine.Engine: BEGIN (implicit)
2022-04-27 14:42:58,777 [INFO] sqlalchemy.engine.Engine: PRAGMA main.table_info("songs")
2022-04-27 14:42:58,778 [INFO] sqlalchemy.engine.Engine: [raw sql] ()
2022-04-27 14:42:58,779 [INFO] sqlalchemy.engine.Engine: PRAGMA temp.table_info("songs")
2022-04-27 14:42:58,779 [INFO] sqlalchemy.engine.Engine: [raw sql] ()
2022-04-27 14:42:58,780 [INFO] sqlalchemy.engine.Engine: PRAGMA main.table_info("locations")
2022-04-27 14:42:58,780 [INFO] sqlalchemy.engine.Engine: [raw sql] ()
2022-04-27 14:42:58,781 [INFO] sqlalchemy.engine.Engine: PRAGMA temp.table_info("locations")
2022-04-27 14:42:58,781 [INFO] sqlalchemy.engine.Engine: [raw sql] ()
2022-04-27 14:42:58,782 [INFO] sqlalchemy.engine.Engine: PRAGMA main.table_info("users")
2022-04-27 14:42:58,782 [INFO] sqlalchemy.engine.Engine: [raw sql] ()
2022-04-27 14:42:58,782 [INFO] sqlalchemy.engine.Engine: PRAGMA temp.table_info("users")
2022-04-27 14:42:58,782 [INFO] sqlalchemy.engine.Engine: [raw sql] ()
2022-04-27 14:42:58,784 [INFO] sqlalchemy.engine.Engine: 
CREATE TABLE users (
	id INTEGER NOT NULL, 
	email VARCHAR(120) NOT NULL, 
	password VARCHAR(300) NOT NULL, 
	about VARCHAR(300), 
	authenticated BOOLEAN, 
	registered_on DATETIME, 
	is_active BOOLEAN DEFAULT '1' NOT NULL, 
	is_admin BOOLEAN DEFAULT '0' NOT NULL, 
	PRIMARY KEY (id), 
	UNIQUE (email)
)


2022-04-27 14:42:58,784 [INFO] sqlalchemy.engine.Engine: [no key 0.00036s] ()
2022-04-27 14:42:58,785 [INFO] sqlalchemy.engine.Engine: 
CREATE TABLE songs (
	id INTEGER NOT NULL, 
	title VARCHAR(300), 
	artist VARCHAR(300), 
	genre VARCHAR(300), 
	year VARCHAR(300), 
	user_id INTEGER, 
	PRIMARY KEY (id), 
	FOREIGN KEY(user_id) REFERENCES users (id)
)


2022-04-27 14:42:58,785 [INFO] sqlalchemy.engine.Engine: [no key 0.00040s] ()
2022-04-27 14:42:58,786 [INFO] sqlalchemy.engine.Engine: 
CREATE TABLE locations (
	id INTEGER NOT NULL, 
	title VARCHAR(300), 
	longitude VARCHAR(300), 
	latitude VARCHAR(300), 
	population INTEGER, 
	user_id INTEGER, 
	PRIMARY KEY (id), 
	FOREIGN KEY(user_id) REFERENCES users (id)
)


2022-04-27 14:42:58,786 [INFO] sqlalchemy.engine.Engine: [no key 0.00041s] ()
2022-04-27 14:42:58,787 [INFO] sqlalchemy.engine.Engine: COMMIT
2022-04-27 14:42:58,791 [INFO] sqlalchemy.engine.Engine: BEGIN (implicit)
2022-04-27 14:42:58,792 [INFO] sqlalchemy.engine.Engine: PRAGMA main.table_info("songs")
2022-04-27 14:42:58,792 [INFO] sqlalchemy.engine.Engine: [raw sql] ()
2022-04-27 14:42:58,793 [INFO] sqlalchemy.engine.Engine: PRAGMA main.table_info("locations")
2022-04-27 14:42:58,793 [INFO] sqlalchemy.engine.Engine: [raw sql] ()
2022-04-27 14:42:58,794 [INFO] sqlalchemy.engine.Engine: PRAGMA main.table_info("users")
2022-04-27 14:42:58,794 [INFO] sqlalchemy.engine.Engine: [raw sql] ()
2022-04-27 14:42:58,795 [INFO] sqlalchemy.engine.Engine: COMMIT
2022-04-27 14:42:58,797 [INFO] sqlalchemy.engine.Engine: BEGIN (implicit)
2022-04-27 14:42:58,797 [INFO] sqlalchemy.engine.Engine: PRAGMA main.table_info("songs")
2022-04-27 14:42:58,798 [INFO] sqlalchemy.engine.Engine: [raw sql] ()
2022-04-27 14:42:58,798 [INFO] sqlalchemy.engine.Engine: PRAGMA main.table_info("locations")
2022-04-27 14:42:58,799 [INFO] sqlalchemy.engine.Engine: [raw sql] ()
2022-04-27 14:42:58,799 [INFO] sqlalchemy.engine.Engine: PRAGMA main.table_info("users")
2022-04-27 14:42:58,800 [INFO] sqlalchemy.engine.Engine: [raw sql] ()
2022-04-27 14:42:58,800 [INFO] sqlalchemy.engine.Engine: COMMIT
2022-04-27 14:42:59,038 [INFO] sqlalchemy.engine.Engine: BEGIN (implicit)
2022-04-27 14:42:59,039 [INFO] sqlalchemy.engine.Engine: PRAGMA main.table_info("songs")
2022-04-27 14:42:59,040 [INFO] sqlalchemy.engine.Engine: [raw sql] ()
2022-04-27 14:42:59,041 [INFO] sqlalchemy.engine.Engine: PRAGMA temp.table_info("songs")
2022-04-27 14:42:59,041 [INFO] sqlalchemy.engine.Engine: [raw sql] ()
2022-04-27 14:42:59,042 [INFO] sqlalchemy.engine.Engine: PRAGMA main.table_info("locations")
2022-04-27 14:42:59,043 [INFO] sqlalchemy.engine.Engine: [raw sql] ()
2022-04-27 14:42:59,044 [INFO] sqlalchemy.engine.Engine: PRAGMA temp.table_info("locations")
2022-04-27 14:42:59,044 [INFO] sqlalchemy.engine.Engine: [raw sql] ()
2022-04-27 14:42:59,045 [INFO] sqlalchemy.engine.Engine: PRAGMA main.table_info("users")
2022-04-27 14:42:59,046 [INFO] sqlalchemy.engine.Engine: [raw sql] ()
2022-04-27 14:42:59,046 [INFO] sqlalchemy.engine.Engine: PRAGMA temp.table_info("users")
2022-04-27 14:42:59,047 [INFO] sqlalchemy.engine.Engine: [raw sql] ()
2022-04-27 14:42:59,048 [INFO] sqlalchemy.engine.Engine: 
CREATE TABLE users (
	id INTEGER NOT NULL, 
	email VARCHAR(120) NOT NULL, 
	password VARCHAR(300) NOT NULL, 
	about VARCHAR(300), 
	authenticated BOOLEAN, 
	registered_on DATETIME, 
	is_active BOOLEAN DEFAULT '1' NOT NULL, 
	is_admin BOOLEAN DEFAULT '0' NOT NULL, 
	PRIMARY KEY (id), 
	UNIQUE (email)
)


2022-04-27 14:42:59,049 [INFO] sqlalchemy.engine.Engine: [no key 0.00059s] ()
2022-04-27 14:42:59,050 [INFO] sqlalchemy.engine.Engine: 
CREATE TABLE songs (
	id INTEGER NOT NULL, 
	title VARCHAR(300), 
	artist VARCHAR(300), 
	genre VARCHAR(300), 
	year VARCHAR(300), 
	user_id INTEGER, 
	PRIMARY KEY (id), 
	FOREIGN KEY(user_id) REFERENCES users (id)
)


2022-04-27 14:42:59,051 [INFO] sqlalchemy.engine.Engine: [no key 0.00096s] ()
2022-04-27 14:42:59,052 [INFO] sqlalchemy.engine.Engine: 
CREATE TABLE locations (
	id INTEGER NOT NULL, 
	title VARCHAR(300), 
	longitude VARCHAR(300), 
	latitude VARCHAR(300), 
	population INTEGER, 
	user_id INTEGER, 
	PRIMARY KEY (id), 
	FOREIGN KEY(user_id) REFERENCES users (id)
)


2022-04-27 14:42:59,053 [INFO] sqlalchemy.engine.Engine: [no key 0.00060s] ()
2022-04-27 14:42:59,054 [INFO] sqlalchemy.engine.Engine: COMMIT
2022-04-27 14:42:59,074 [INFO] sqlalchemy.engine.Engine: BEGIN (implicit)
2022-04-27 14:42:59,075 [INFO] sqlalchemy.engine.Engine: PRAGMA main.table_info("songs")
2022-04-27 14:42:59,076 [INFO] sqlalchemy.engine.Engine: [raw sql] ()
2022-04-27 14:42:59,077 [INFO] sqlalchemy.engine.Engine: PRAGMA temp.table_info("songs")
2022-04-27 14:42:59,078 [INFO] sqlalchemy.engine.Engine: [raw sql] ()
2022-04-27 14:42:59,079 [INFO] sqlalchemy.engine.Engine: PRAGMA main.table_info("locations")
2022-04-27 14:42:59,080 [INFO] sqlalchemy.engine.Engine: [raw sql] ()
2022-04-27 14:42:59,080 [INFO] sqlalchemy.engine.Engine: PRAGMA temp.table_info("locations")
2022-04-27 14:42:59,082 [INFO] sqlalchemy.engine.Engine: [raw sql] ()
2022-04-27 14:42:59,082 [INFO] sqlalchemy.engine.Engine: PRAGMA main.table_info("users")
2022-04-27 14:42:59,083 [INFO] sqlalchemy.engine.Engine: [raw sql] ()
2022-04-27 14:42:59,084 [INFO] sqlalchemy.engine.Engine: PRAGMA temp.table_info("users")
2022-04-27 14:42:59,085 [INFO] sqlalchemy.engine.Engine: [raw sql] ()
2022-04-27 14:42:59,086 [INFO] sqlalchemy.engine.Engine: 
CREATE TABLE users (
	id INTEGER NOT NULL, 
	email VARCHAR(120) NOT NULL, 
	password VARCHAR(300) NOT NULL, 
	about VARCHAR(300), 
	authenticated BOOLEAN, 
	registered_on DATETIME, 
	is_active BOOLEAN DEFAULT '1' NOT NULL, 
	is_admin BOOLEAN DEFAULT '0' NOT NULL, 
	PRIMARY KEY (id), 
	UNIQUE (email)
)


2022-04-27 14:42:59,087 [INFO] sqlalchemy.engine.Engine: [no key 0.00067s] ()
2022-04-27 14:42:59,088 [INFO] sqlalchemy.engine.Engine: 
CREATE TABLE songs (
	id INTEGER NOT NULL, 
	title VARCHAR(300), 
	artist VARCHAR(300), 
	genre VARCHAR(300), 
	year VARCHAR(300), 
	user_id INTEGER, 
	PRIMARY KEY (id), 
	FOREIGN KEY(user_id) REFERENCES users (id)
)


2022-04-27 14:42:59,088 [INFO] sqlalchemy.engine.Engine: [no key 0.00066s] ()
2022-04-27 14:42:59,089 [INFO] sqlalchemy.engine.Engine: 
CREATE TABLE locations (
	id INTEGER NOT NULL, 
	title VARCHAR(300), 
	longitude VARCHAR(300), 
	latitude VARCHAR(300), 
	population INTEGER, 
	user_id INTEGER, 
	PRIMARY KEY (id), 
	FOREIGN KEY(user_id) REFERENCES users (id)
)


2022-04-27 14:42:59,090 [INFO] sqlalchemy.engine.Engine: [no key 0.00081s] ()
2022-04-27 14:42:59,091 [INFO] sqlalchemy.engine.Engine: COMMIT
2022-04-27 14:42:59,107 [INFO] sqlalchemy.engine.Engine: BEGIN (implicit)
2022-04-27 14:42:59,108 [INFO] sqlalchemy.engine.Engine: PRAGMA main.table_info("songs")
2022-04-27 14:42:59,109 [INFO] sqlalchemy.engine.Engine: [raw sql] ()
2022-04-27 14:42:59,110 [INFO] sqlalchemy.engine.Engine: PRAGMA temp.table_info("songs")
2022-04-27 14:42:59,110 [INFO] sqlalchemy.engine.Engine: [raw sql] ()
2022-04-27 14:42:59,111 [INFO] sqlalchemy.engine.Engine: PRAGMA main.table_info("locations")
2022-04-27 14:42:59,112 [INFO] sqlalchemy.engine.Engine: [raw sql] ()
2022-04-27 14:42:59,113 [INFO] sqlalchemy.engine.Engine: PRAGMA temp.table_info("locations")
2022-04-27 14:42:59,113 [INFO] sqlalchemy.engine.Engine: [raw sql] ()
2022-04-27 14:42:59,114 [INFO] sqlalchemy.engine.Engine: PRAGMA main.table_info("users")
2022-04-27 14:42:59,115 [INFO] sqlalchemy.engine.Engine: [raw sql] ()
2022-04-27 14:42:59,115 [INFO] sqlalchemy.engine.Engine: PRAGMA temp.table_info("users")
2022-04-27 14:42:59,116 [INFO] sqlalchemy.engine.Engine: [raw sql] ()
2022-04-27 14:42:59,117 [INFO] sqlalchemy.engine.Engine: 
CREATE TABLE users (
	id INTEGER NOT NULL, 
	email VARCHAR(120) NOT NULL, 
	password VARCHAR(300) NOT NULL, 
	about VARCHAR(300), 
	authenticated BOOLEAN, 
	registered_on DATETIME, 
	is_active BOOLEAN DEFAULT '1' NOT NULL, 
	is_admin BOOLEAN DEFAULT '0' NOT NULL, 
	PRIMARY KEY (id), 
	UNIQUE (email)
)


2022-04-27 14:42:59,118 [INFO] sqlalchemy.engine.Engine: [no key 0.00081s] ()
2022-04-27 14:42:59,119 [INFO] sqlalchemy.engine.Engine: 
CREATE TABLE songs (
	id INTEGER NOT NULL, 
	title VARCHAR(300), 
	artist VARCHAR(300), 
	genre VARCHAR(300), 
	year VARCHAR(300), 
	user_id INTEGER, 
	PRIMARY KEY (id), 
	FOREIGN KEY(user_id) REFERENCES users (id)
)


2022-04-27 14:42:59,120 [INFO] sqlalchemy.engine.Engine: [no key 0.00055s] ()
2022-04-27 14:42:59,121 [INFO] sqlalchemy.engine.Engine: 
CREATE TABLE locations (
	id INTEGER NOT NULL, 
	title VARCHAR(300), 
	longitude VARCHAR(300), 
	latitude VARCHAR(300), 
	population INTEGER, 
	user_id INTEGER, 
	PRIMARY KEY (id), 
	FOREIGN KEY(user_id) REFERENCES users (id)
)


2022-04-27 14:42:59,121 [INFO] sqlalchemy.engine.Engine: [no key 0.00053s] ()
2022-04-27 14:42:59,122 [INFO] sqlalchemy.engine.Engine: COMMIT
2022-04-27 14:42:59,143 [INFO] sqlalchemy.engine.Engine: BEGIN (implicit)
2022-04-27 14:42:59,144 [INFO] sqlalchemy.engine.Engine: PRAGMA main.table_info("songs")
2022-04-27 14:42:59,145 [INFO] sqlalchemy.engine.Engine: [raw sql] ()
2022-04-27 14:42:59,147 [INFO] sqlalchemy.engine.Engine: PRAGMA temp.table_info("songs")
2022-04-27 14:42:59,148 [INFO] sqlalchemy.engine.Engine: [raw sql] ()
2022-04-27 14:42:59,149 [INFO] sqlalchemy.engine.Engine: PRAGMA main.table_info("locations")
2022-04-27 14:42:59,150 [INFO] sqlalchemy.engine.Engine: [raw sql] ()
2022-04-27 14:42:59,150 [INFO] sqlalchemy.engine.Engine: PRAGMA temp.table_info("locations")
2022-04-27 14:42:59,151 [INFO] sqlalchemy.engine.Engine: [raw sql] ()
2022-04-27 14:42:59,152 [INFO] sqlalchemy.engine.Engine: PRAGMA main.table_info("users")
2022-04-27 14:42:59,153 [INFO] sqlalchemy.engine.Engine: [raw sql] ()
2022-04-27 14:42:59,153 [INFO] sqlalchemy.engine.Engine: PRAGMA temp.table_info("users")
2022-04-27 14:42:59,154 [INFO] sqlalchemy.engine.Engine: [raw sql] ()
2022-04-27 14:42:59,155 [INFO] sqlalchemy.engine.Engine: 
CREATE TABLE users (
	id INTEGER NOT NULL, 
	email VARCHAR(120) NOT NULL, 
	password VARCHAR(300) NOT NULL, 
	about VARCHAR(300), 
	authenticated BOOLEAN, 
	registered_on DATETIME, 
	is_active BOOLEAN DEFAULT '1' NOT NULL, 
	is_admin BOOLEAN DEFAULT '0' NOT NULL, 
	PRIMARY KEY (id), 
	UNIQUE (email)
)


2022-04-27 14:42:59,156 [INFO] sqlalchemy.engine.Engine: [no key 0.00079s] ()
2022-04-27 14:42:59,157 [INFO] sqlalchemy.engine.Engine: 
CREATE TABLE songs (
	id INTEGER NOT NULL, 
	title VARCHAR(300), 
	artist VARCHAR(300), 
	genre VARCHAR(300), 
	year VARCHAR(300), 
	user_id INTEGER, 
	PRIMARY KEY (id), 
	FOREIGN KEY(user_id) REFERENCES users (id)
)


2022-04-27 14:42:59,158 [INFO] sqlalchemy.engine.Engine: [no key 0.00058s] ()
2022-04-27 14:42:59,160 [INFO] sqlalchemy.engine.Engine: 
CREATE TABLE locations (
	id INTEGER NOT NULL, 
	title VARCHAR(300), 
	longitude VARCHAR(300), 
	latitude VARCHAR(300), 
	population INTEGER, 
	user_id INTEGER, 
	PRIMARY KEY (id), 
	FOREIGN KEY(user_id) REFERENCES users (id)
)


2022-04-27 14:42:59,160 [INFO] sqlalchemy.engine.Engine: [no key 0.00071s] ()
2022-04-27 14:42:59,162 [INFO] sqlalchemy.engine.Engine: COMMIT
2022-04-27 14:42:59,182 [INFO] sqlalchemy.engine.Engine: BEGIN (implicit)
2022-04-27 14:42:59,183 [INFO] sqlalchemy.engine.Engine: PRAGMA main.table_info("songs")
2022-04-27 14:42:59,184 [INFO] sqlalchemy.engine.Engine: [raw sql] ()
2022-04-27 14:42:59,185 [INFO] sqlalchemy.engine.Engine: PRAGMA temp.table_info("songs")
2022-04-27 14:42:59,185 [INFO] sqlalchemy.engine.Engine: [raw sql] ()
2022-04-27 14:42:59,186 [INFO] sqlalchemy.engine.Engine: PRAGMA main.table_info("locations")
2022-04-27 14:42:59,187 [INFO] sqlalchemy.engine.Engine: [raw sql] ()
2022-04-27 14:42:59,188 [INFO] sqlalchemy.engine.Engine: PRAGMA temp.table_info("locations")
2022-04-27 14:42:59,188 [INFO] sqlalchemy.engine.Engine: [raw sql] ()
2022-04-27 14:42:59,189 [INFO] sqlalchemy.engine.Engine: PRAGMA main.table_info("users")
2022-04-27 14:42:59,190 [INFO] sqlalchemy.engine.Engine: [raw sql] ()
2022-04-27 14:42:59,191 [INFO] sqlalchemy.engine.Engine: PRAGMA temp.table_info("users")
2022-04-27 14:42:59,192 [INFO] sqlalchemy.engine.Engine: [raw sql] ()
2022-04-27 14:42:59,193 [INFO] sqlalchemy.engine.Engine: 
CREATE TABLE users (
	id INTEGER NOT NULL, 
	email VARCHAR(120) NOT NULL, 
	password VARCHAR(300) NOT NULL, 
	about VARCHAR(300), 
	authenticated BOOLEAN, 
	registered_on DATETIME, 
	is_active BOOLEAN DEFAULT '1' NOT NULL, 
	is_admin BOOLEAN DEFAULT '0' NOT NULL, 
	PRIMARY KEY (id), 
	UNIQUE (email)
)


2022-04-27 14:42:59,194 [INFO] sqlalchemy.engine.Engine: [no key 0.00087s] ()
2022-04-27 14:42:59,195 [INFO] sqlalchemy.engine.Engine: 
CREATE TABLE songs (
	id INTEGER NOT NULL, 
	title VARCHAR(300), 
	artist VARCHAR(300), 
	genre VARCHAR(300), 
	year VARCHAR(300), 
	user_id INTEGER, 
	PRIMARY KEY (id), 
	FOREIGN KEY(user_id) REFERENCES users (id)
)


2022-04-27 14:42:59,196 [INFO] sqlalchemy.engine.Engine: [no key 0.00090s] ()
2022-04-27 14:42:59,197 [INFO] sqlalchemy.engine.Engine: 
CREATE TABLE locations (
	id INTEGER NOT NULL, 
	title VARCHAR(300), 
	longitude VARCHAR(300), 
	latitude VARCHAR(300), 
	population INTEGER, 
	user_id INTEGER, 
	PRIMARY KEY (id), 
	FOREIGN KEY(user_id) REFERENCES users (id)
)


2022-04-27 14:42:59,198 [INFO] sqlalchemy.engine.Engine: [no key 0.00059s] ()
2022-04-27 14:42:59,199 [INFO] sqlalchemy.engine.Engine: COMMIT
2022-04-27 14:42:59,203 [INFO] sqlalchemy.engine.Engine: BEGIN (implicit)
2022-04-27 14:42:59,204 [INFO] sqlalchemy.engine.Engine: PRAGMA main.table_info("songs")
2022-04-27 14:42:59,204 [INFO] sqlalchemy.engine.Engine: [raw sql] ()
2022-04-27 14:42:59,205 [INFO] sqlalchemy.engine.Engine: PRAGMA main.table_info("locations")
2022-04-27 14:42:59,206 [INFO] sqlalchemy.engine.Engine: [raw sql] ()
2022-04-27 14:42:59,208 [INFO] sqlalchemy.engine.Engine: PRAGMA main.table_info("users")
2022-04-27 14:42:59,208 [INFO] sqlalchemy.engine.Engine: [raw sql] ()
2022-04-27 14:42:59,209 [INFO] sqlalchemy.engine.Engine: COMMIT
2022-04-27 14:42:59,213 [INFO] sqlalchemy.engine.Engine: BEGIN (implicit)
2022-04-27 14:42:59,214 [INFO] sqlalchemy.engine.Engine: PRAGMA main.table_info("songs")
2022-04-27 14:42:59,215 [INFO] sqlalchemy.engine.Engine: [raw sql] ()
2022-04-27 14:42:59,216 [INFO] sqlalchemy.engine.Engine: PRAGMA main.table_info("locations")
2022-04-27 14:42:59,217 [INFO] sqlalchemy.engine.Engine: [raw sql] ()
2022-04-27 14:42:59,217 [INFO] sqlalchemy.engine.Engine: PRAGMA main.table_info("users")
2022-04-27 14:42:59,218 [INFO] sqlalchemy.engine.Engine: [raw sql] ()
2022-04-27 14:42:59,218 [INFO] sqlalchemy.engine.Engine: COMMIT
2022-04-27 14:42:59,475 [INFO] sqlalchemy.engine.Engine: BEGIN (implicit)
2022-04-27 14:42:59,476 [INFO] sqlalchemy.engine.Engine: PRAGMA main.table_info("songs")
2022-04-27 14:42:59,476 [INFO] sqlalchemy.engine.Engine: [raw sql] ()
2022-04-27 14:42:59,477 [INFO] sqlalchemy.engine.Engine: PRAGMA temp.table_info("songs")
2022-04-27 14:42:59,478 [INFO] sqlalchemy.engine.Engine: [raw sql] ()
2022-04-27 14:42:59,479 [INFO] sqlalchemy.engine.Engine: PRAGMA main.table_info("locations")
2022-04-27 14:42:59,480 [INFO] sqlalchemy.engine.Engine: [raw sql] ()
2022-04-27 14:42:59,481 [INFO] sqlalchemy.engine.Engine: PRAGMA temp.table_info("locations")
2022-04-27 14:42:59,481 [INFO] sqlalchemy.engine.Engine: [raw sql] ()
2022-04-27 14:42:59,482 [INFO] sqlalchemy.engine.Engine: PRAGMA main.table_info("users")
2022-04-27 14:42:59,483 [INFO] sqlalchemy.engine.Engine: [raw sql] ()
2022-04-27 14:42:59,484 [INFO] sqlalchemy.engine.Engine: PRAGMA temp.table_info("users")
2022-04-27 14:42:59,485 [INFO] sqlalchemy.engine.Engine: [raw sql] ()
2022-04-27 14:42:59,488 [INFO] sqlalchemy.engine.Engine: 
CREATE TABLE users (
	id INTEGER NOT NULL, 
	email VARCHAR(120) NOT NULL, 
	password VARCHAR(300) NOT NULL, 
	about VARCHAR(300), 
	authenticated BOOLEAN, 
	registered_on DATETIME, 
	is_active BOOLEAN DEFAULT '1' NOT NULL, 
	is_admin BOOLEAN DEFAULT '0' NOT NULL, 
	PRIMARY KEY (id), 
	UNIQUE (email)
)


2022-04-27 14:42:59,489 [INFO] sqlalchemy.engine.Engine: [no key 0.00114s] ()
2022-04-27 14:42:59,491 [INFO] sqlalchemy.engine.Engine: 
CREATE TABLE songs (
	id INTEGER NOT NULL, 
	title VARCHAR(300), 
	artist VARCHAR(300), 
	genre VARCHAR(300), 
	year VARCHAR(300), 
	user_id INTEGER, 
	PRIMARY KEY (id), 
	FOREIGN KEY(user_id) REFERENCES users (id)
)


2022-04-27 14:42:59,492 [INFO] sqlalchemy.engine.Engine: [no key 0.00074s] ()
2022-04-27 14:42:59,494 [INFO] sqlalchemy.engine.Engine: 
CREATE TABLE locations (
	id INTEGER NOT NULL, 
	title VARCHAR(300), 
	longitude VARCHAR(300), 
	latitude VARCHAR(300), 
	population INTEGER, 
	user_id INTEGER, 
	PRIMARY KEY (id), 
	FOREIGN KEY(user_id) REFERENCES users (id)
)


2022-04-27 14:42:59,494 [INFO] sqlalchemy.engine.Engine: [no key 0.00071s] ()
2022-04-27 14:42:59,495 [INFO] sqlalchemy.engine.Engine: COMMIT
2022-04-27 14:42:59,501 [INFO] sqlalchemy.engine.Engine: BEGIN (implicit)
2022-04-27 14:42:59,503 [INFO] sqlalchemy.engine.Engine: PRAGMA main.table_info("songs")
2022-04-27 14:42:59,504 [INFO] sqlalchemy.engine.Engine: [raw sql] ()
2022-04-27 14:42:59,505 [INFO] sqlalchemy.engine.Engine: PRAGMA main.table_info("locations")
2022-04-27 14:42:59,506 [INFO] sqlalchemy.engine.Engine: [raw sql] ()
2022-04-27 14:42:59,507 [INFO] sqlalchemy.engine.Engine: PRAGMA main.table_info("users")
2022-04-27 14:42:59,508 [INFO] sqlalchemy.engine.Engine: [raw sql] ()
2022-04-27 14:42:59,509 [INFO] sqlalchemy.engine.Engine: COMMIT
2022-04-27 14:42:59,513 [INFO] sqlalchemy.engine.Engine: BEGIN (implicit)
2022-04-27 14:42:59,514 [INFO] sqlalchemy.engine.Engine: PRAGMA main.table_info("songs")
2022-04-27 14:42:59,515 [INFO] sqlalchemy.engine.Engine: [raw sql] ()
2022-04-27 14:42:59,517 [INFO] sqlalchemy.engine.Engine: PRAGMA main.table_info("locations")
2022-04-27 14:42:59,518 [INFO] sqlalchemy.engine.Engine: [raw sql] ()
2022-04-27 14:42:59,519 [INFO] sqlalchemy.engine.Engine: PRAGMA main.table_info("users")
2022-04-27 14:42:59,520 [INFO] sqlalchemy.engine.Engine: [raw sql] ()
2022-04-27 14:42:59,522 [INFO] sqlalchemy.engine.Engine: COMMIT
2022-04-27 14:42:59,728 [INFO] sqlalchemy.engine.Engine: BEGIN (implicit)
2022-04-27 14:42:59,729 [INFO] sqlalchemy.engine.Engine: PRAGMA main.table_info("songs")
2022-04-27 14:42:59,730 [INFO] sqlalchemy.engine.Engine: [raw sql] ()
2022-04-27 14:42:59,731 [INFO] sqlalchemy.engine.Engine: PRAGMA temp.table_info("songs")
2022-04-27 14:42:59,731 [INFO] sqlalchemy.engine.Engine: [raw sql] ()
2022-04-27 14:42:59,732 [INFO] sqlalchemy.engine.Engine: PRAGMA main.table_info("locations")
2022-04-27 14:42:59,732 [INFO] sqlalchemy.engine.Engine: [raw sql] ()
2022-04-27 14:42:59,733 [INFO] sqlalchemy.engine.Engine: PRAGMA temp.table_info("locations")
2022-04-27 14:42:59,733 [INFO] sqlalchemy.engine.Engine: [raw sql] ()
2022-04-27 14:42:59,734 [INFO] sqlalchemy.engine.Engine: PRAGMA main.table_info("users")
2022-04-27 14:42:59,734 [INFO] sqlalchemy.engine.Engine: [raw sql] ()
2022-04-27 14:42:59,735 [INFO] sqlalchemy.engine.Engine: PRAGMA temp.table_info("users")
2022-04-27 14:42:59,735 [INFO] sqlalchemy.engine.Engine: [raw sql] ()
2022-04-27 14:42:59,737 [INFO] sqlalchemy.engine.Engine: 
CREATE TABLE users (
	id INTEGER NOT NULL, 
	email VARCHAR(120) NOT NULL, 
	password VARCHAR(300) NOT NULL, 
	about VARCHAR(300), 
	authenticated BOOLEAN, 
	registered_on DATETIME, 
	is_active BOOLEAN DEFAULT '1' NOT NULL, 
	is_admin BOOLEAN DEFAULT '0' NOT NULL, 
	PRIMARY KEY (id), 
	UNIQUE (email)
)


2022-04-27 14:42:59,737 [INFO] sqlalchemy.engine.Engine: [no key 0.00051s] ()
2022-04-27 14:42:59,738 [INFO] sqlalchemy.engine.Engine: 
CREATE TABLE songs (
	id INTEGER NOT NULL, 
	title VARCHAR(300), 
	artist VARCHAR(300), 
	genre VARCHAR(300), 
	year VARCHAR(300), 
	user_id INTEGER, 
	PRIMARY KEY (id), 
	FOREIGN KEY(user_id) REFERENCES users (id)
)


2022-04-27 14:42:59,739 [INFO] sqlalchemy.engine.Engine: [no key 0.00051s] ()
2022-04-27 14:42:59,740 [INFO] sqlalchemy.engine.Engine: 
CREATE TABLE locations (
	id INTEGER NOT NULL, 
	title VARCHAR(300), 
	longitude VARCHAR(300), 
	latitude VARCHAR(300), 
	population INTEGER, 
	user_id INTEGER, 
	PRIMARY KEY (id), 
	FOREIGN KEY(user_id) REFERENCES users (id)
)


2022-04-27 14:42:59,740 [INFO] sqlalchemy.engine.Engine: [no key 0.00052s] ()
2022-04-27 14:42:59,741 [INFO] sqlalchemy.engine.Engine: COMMIT
2022-04-27 14:42:59,745 [INFO] sqlalchemy.engine.Engine: BEGIN (implicit)
2022-04-27 14:42:59,746 [INFO] sqlalchemy.engine.Engine: PRAGMA main.table_info("songs")
2022-04-27 14:42:59,746 [INFO] sqlalchemy.engine.Engine: [raw sql] ()
2022-04-27 14:42:59,747 [INFO] sqlalchemy.engine.Engine: PRAGMA main.table_info("locations")
2022-04-27 14:42:59,748 [INFO] sqlalchemy.engine.Engine: [raw sql] ()
2022-04-27 14:42:59,748 [INFO] sqlalchemy.engine.Engine: PRAGMA main.table_info("users")
2022-04-27 14:42:59,749 [INFO] sqlalchemy.engine.Engine: [raw sql] ()
2022-04-27 14:42:59,750 [INFO] sqlalchemy.engine.Engine: COMMIT
2022-04-27 14:42:59,752 [INFO] sqlalchemy.engine.Engine: BEGIN (implicit)
2022-04-27 14:42:59,752 [INFO] sqlalchemy.engine.Engine: PRAGMA main.table_info("songs")
2022-04-27 14:42:59,753 [INFO] sqlalchemy.engine.Engine: [raw sql] ()
2022-04-27 14:42:59,753 [INFO] sqlalchemy.engine.Engine: PRAGMA main.table_info("locations")
2022-04-27 14:42:59,754 [INFO] sqlalchemy.engine.Engine: [raw sql] ()
2022-04-27 14:42:59,754 [INFO] sqlalchemy.engine.Engine: PRAGMA main.table_info("users")
2022-04-27 14:42:59,754 [INFO] sqlalchemy.engine.Engine: [raw sql] ()
2022-04-27 14:42:59,755 [INFO] sqlalchemy.engine.Engine: COMMIT
2022-04-27 14:42:59,971 [INFO] sqlalchemy.engine.Engine: BEGIN (implicit)
2022-04-27 14:42:59,972 [INFO] sqlalchemy.engine.Engine: PRAGMA main.table_info("songs")
2022-04-27 14:42:59,973 [INFO] sqlalchemy.engine.Engine: [raw sql] ()
2022-04-27 14:42:59,973 [INFO] sqlalchemy.engine.Engine: PRAGMA temp.table_info("songs")
2022-04-27 14:42:59,974 [INFO] sqlalchemy.engine.Engine: [raw sql] ()
2022-04-27 14:42:59,974 [INFO] sqlalchemy.engine.Engine: PRAGMA main.table_info("locations")
2022-04-27 14:42:59,975 [INFO] sqlalchemy.engine.Engine: [raw sql] ()
2022-04-27 14:42:59,975 [INFO] sqlalchemy.engine.Engine: PRAGMA temp.table_info("locations")
2022-04-27 14:42:59,976 [INFO] sqlalchemy.engine.Engine: [raw sql] ()
2022-04-27 14:42:59,976 [INFO] sqlalchemy.engine.Engine: PRAGMA main.table_info("users")
2022-04-27 14:42:59,977 [INFO] sqlalchemy.engine.Engine: [raw sql] ()
2022-04-27 14:42:59,977 [INFO] sqlalchemy.engine.Engine: PRAGMA temp.table_info("users")
2022-04-27 14:42:59,978 [INFO] sqlalchemy.engine.Engine: [raw sql] ()
2022-04-27 14:42:59,979 [INFO] sqlalchemy.engine.Engine: 
CREATE TABLE users (
	id INTEGER NOT NULL, 
	email VARCHAR(120) NOT NULL, 
	password VARCHAR(300) NOT NULL, 
	about VARCHAR(300), 
	authenticated BOOLEAN, 
	registered_on DATETIME, 
	is_active BOOLEAN DEFAULT '1' NOT NULL, 
	is_admin BOOLEAN DEFAULT '0' NOT NULL, 
	PRIMARY KEY (id), 
	UNIQUE (email)
)


2022-04-27 14:42:59,980 [INFO] sqlalchemy.engine.Engine: [no key 0.00060s] ()
2022-04-27 14:42:59,981 [INFO] sqlalchemy.engine.Engine: 
CREATE TABLE songs (
	id INTEGER NOT NULL, 
	title VARCHAR(300), 
	artist VARCHAR(300), 
	genre VARCHAR(300), 
	year VARCHAR(300), 
	user_id INTEGER, 
	PRIMARY KEY (id), 
	FOREIGN KEY(user_id) REFERENCES users (id)
)


2022-04-27 14:42:59,981 [INFO] sqlalchemy.engine.Engine: [no key 0.00064s] ()
2022-04-27 14:42:59,982 [INFO] sqlalchemy.engine.Engine: 
CREATE TABLE locations (
	id INTEGER NOT NULL, 
	title VARCHAR(300), 
	longitude VARCHAR(300), 
	latitude VARCHAR(300), 
	population INTEGER, 
	user_id INTEGER, 
	PRIMARY KEY (id), 
	FOREIGN KEY(user_id) REFERENCES users (id)
)


2022-04-27 14:42:59,982 [INFO] sqlalchemy.engine.Engine: [no key 0.00044s] ()
2022-04-27 14:42:59,983 [INFO] sqlalchemy.engine.Engine: COMMIT
2022-04-27 14:42:59,986 [INFO] sqlalchemy.engine.Engine: BEGIN (implicit)
2022-04-27 14:42:59,987 [INFO] sqlalchemy.engine.Engine: PRAGMA main.table_info("songs")
2022-04-27 14:42:59,987 [INFO] sqlalchemy.engine.Engine: [raw sql] ()
2022-04-27 14:42:59,988 [INFO] sqlalchemy.engine.Engine: PRAGMA main.table_info("locations")
2022-04-27 14:42:59,988 [INFO] sqlalchemy.engine.Engine: [raw sql] ()
2022-04-27 14:42:59,989 [INFO] sqlalchemy.engine.Engine: PRAGMA main.table_info("users")
2022-04-27 14:42:59,989 [INFO] sqlalchemy.engine.Engine: [raw sql] ()
2022-04-27 14:42:59,990 [INFO] sqlalchemy.engine.Engine: COMMIT
2022-04-27 14:42:59,993 [INFO] sqlalchemy.engine.Engine: BEGIN (implicit)
2022-04-27 14:42:59,993 [INFO] sqlalchemy.engine.Engine: PRAGMA main.table_info("songs")
2022-04-27 14:42:59,994 [INFO] sqlalchemy.engine.Engine: [raw sql] ()
2022-04-27 14:42:59,994 [INFO] sqlalchemy.engine.Engine: PRAGMA main.table_info("locations")
2022-04-27 14:42:59,995 [INFO] sqlalchemy.engine.Engine: [raw sql] ()
2022-04-27 14:42:59,995 [INFO] sqlalchemy.engine.Engine: PRAGMA main.table_info("users")
2022-04-27 14:42:59,996 [INFO] sqlalchemy.engine.Engine: [raw sql] ()
2022-04-27 14:42:59,997 [INFO] sqlalchemy.engine.Engine: COMMIT
2022-04-27 14:43:00,184 [INFO] sqlalchemy.engine.Engine: BEGIN (implicit)
2022-04-27 14:43:00,185 [INFO] sqlalchemy.engine.Engine: PRAGMA main.table_info("songs")
2022-04-27 14:43:00,186 [INFO] sqlalchemy.engine.Engine: [raw sql] ()
2022-04-27 14:43:00,186 [INFO] sqlalchemy.engine.Engine: PRAGMA temp.table_info("songs")
2022-04-27 14:43:00,187 [INFO] sqlalchemy.engine.Engine: [raw sql] ()
2022-04-27 14:43:00,188 [INFO] sqlalchemy.engine.Engine: PRAGMA main.table_info("locations")
2022-04-27 14:43:00,189 [INFO] sqlalchemy.engine.Engine: [raw sql] ()
2022-04-27 14:43:00,190 [INFO] sqlalchemy.engine.Engine: PRAGMA temp.table_info("locations")
2022-04-27 14:43:00,191 [INFO] sqlalchemy.engine.Engine: [raw sql] ()
2022-04-27 14:43:00,191 [INFO] sqlalchemy.engine.Engine: PRAGMA main.table_info("users")
2022-04-27 14:43:00,192 [INFO] sqlalchemy.engine.Engine: [raw sql] ()
2022-04-27 14:43:00,193 [INFO] sqlalchemy.engine.Engine: PRAGMA temp.table_info("users")
2022-04-27 14:43:00,194 [INFO] sqlalchemy.engine.Engine: [raw sql] ()
2022-04-27 14:43:00,196 [INFO] sqlalchemy.engine.Engine: 
CREATE TABLE users (
	id INTEGER NOT NULL, 
	email VARCHAR(120) NOT NULL, 
	password VARCHAR(300) NOT NULL, 
	about VARCHAR(300), 
	authenticated BOOLEAN, 
	registered_on DATETIME, 
	is_active BOOLEAN DEFAULT '1' NOT NULL, 
	is_admin BOOLEAN DEFAULT '0' NOT NULL, 
	PRIMARY KEY (id), 
	UNIQUE (email)
)


2022-04-27 14:43:00,197 [INFO] sqlalchemy.engine.Engine: [no key 0.00080s] ()
2022-04-27 14:43:00,199 [INFO] sqlalchemy.engine.Engine: 
CREATE TABLE songs (
	id INTEGER NOT NULL, 
	title VARCHAR(300), 
	artist VARCHAR(300), 
	genre VARCHAR(300), 
	year VARCHAR(300), 
	user_id INTEGER, 
	PRIMARY KEY (id), 
	FOREIGN KEY(user_id) REFERENCES users (id)
)


2022-04-27 14:43:00,199 [INFO] sqlalchemy.engine.Engine: [no key 0.00077s] ()
2022-04-27 14:43:00,201 [INFO] sqlalchemy.engine.Engine: 
CREATE TABLE locations (
	id INTEGER NOT NULL, 
	title VARCHAR(300), 
	longitude VARCHAR(300), 
	latitude VARCHAR(300), 
	population INTEGER, 
	user_id INTEGER, 
	PRIMARY KEY (id), 
	FOREIGN KEY(user_id) REFERENCES users (id)
)


2022-04-27 14:43:00,202 [INFO] sqlalchemy.engine.Engine: [no key 0.00076s] ()
2022-04-27 14:43:00,202 [INFO] sqlalchemy.engine.Engine: COMMIT
2022-04-27 14:43:00,207 [INFO] sqlalchemy.engine.Engine: BEGIN (implicit)
2022-04-27 14:43:00,207 [INFO] sqlalchemy.engine.Engine: PRAGMA main.table_info("songs")
2022-04-27 14:43:00,208 [INFO] sqlalchemy.engine.Engine: [raw sql] ()
2022-04-27 14:43:00,209 [INFO] sqlalchemy.engine.Engine: PRAGMA main.table_info("locations")
2022-04-27 14:43:00,210 [INFO] sqlalchemy.engine.Engine: [raw sql] ()
2022-04-27 14:43:00,211 [INFO] sqlalchemy.engine.Engine: PRAGMA main.table_info("users")
2022-04-27 14:43:00,212 [INFO] sqlalchemy.engine.Engine: [raw sql] ()
2022-04-27 14:43:00,213 [INFO] sqlalchemy.engine.Engine: COMMIT
2022-04-27 14:43:00,217 [INFO] sqlalchemy.engine.Engine: BEGIN (implicit)
2022-04-27 14:43:00,218 [INFO] sqlalchemy.engine.Engine: PRAGMA main.table_info("songs")
2022-04-27 14:43:00,219 [INFO] sqlalchemy.engine.Engine: [raw sql] ()
2022-04-27 14:43:00,220 [INFO] sqlalchemy.engine.Engine: PRAGMA main.table_info("locations")
2022-04-27 14:43:00,221 [INFO] sqlalchemy.engine.Engine: [raw sql] ()
2022-04-27 14:43:00,222 [INFO] sqlalchemy.engine.Engine: PRAGMA main.table_info("users")
2022-04-27 14:43:00,222 [INFO] sqlalchemy.engine.Engine: [raw sql] ()
2022-04-27 14:43:00,223 [INFO] sqlalchemy.engine.Engine: COMMIT
2022-04-27 14:43:00,454 [INFO] sqlalchemy.engine.Engine: BEGIN (implicit)
2022-04-27 14:43:00,455 [INFO] sqlalchemy.engine.Engine: PRAGMA main.table_info("songs")
2022-04-27 14:43:00,456 [INFO] sqlalchemy.engine.Engine: [raw sql] ()
2022-04-27 14:43:00,457 [INFO] sqlalchemy.engine.Engine: PRAGMA temp.table_info("songs")
2022-04-27 14:43:00,457 [INFO] sqlalchemy.engine.Engine: [raw sql] ()
2022-04-27 14:43:00,458 [INFO] sqlalchemy.engine.Engine: PRAGMA main.table_info("locations")
2022-04-27 14:43:00,459 [INFO] sqlalchemy.engine.Engine: [raw sql] ()
2022-04-27 14:43:00,460 [INFO] sqlalchemy.engine.Engine: PRAGMA temp.table_info("locations")
2022-04-27 14:43:00,460 [INFO] sqlalchemy.engine.Engine: [raw sql] ()
2022-04-27 14:43:00,462 [INFO] sqlalchemy.engine.Engine: PRAGMA main.table_info("users")
2022-04-27 14:43:00,463 [INFO] sqlalchemy.engine.Engine: [raw sql] ()
2022-04-27 14:43:00,464 [INFO] sqlalchemy.engine.Engine: PRAGMA temp.table_info("users")
2022-04-27 14:43:00,464 [INFO] sqlalchemy.engine.Engine: [raw sql] ()
2022-04-27 14:43:00,466 [INFO] sqlalchemy.engine.Engine: 
CREATE TABLE users (
	id INTEGER NOT NULL, 
	email VARCHAR(120) NOT NULL, 
	password VARCHAR(300) NOT NULL, 
	about VARCHAR(300), 
	authenticated BOOLEAN, 
	registered_on DATETIME, 
	is_active BOOLEAN DEFAULT '1' NOT NULL, 
	is_admin BOOLEAN DEFAULT '0' NOT NULL, 
	PRIMARY KEY (id), 
	UNIQUE (email)
)


2022-04-27 14:43:00,466 [INFO] sqlalchemy.engine.Engine: [no key 0.00070s] ()
2022-04-27 14:43:00,467 [INFO] sqlalchemy.engine.Engine: 
CREATE TABLE songs (
	id INTEGER NOT NULL, 
	title VARCHAR(300), 
	artist VARCHAR(300), 
	genre VARCHAR(300), 
	year VARCHAR(300), 
	user_id INTEGER, 
	PRIMARY KEY (id), 
	FOREIGN KEY(user_id) REFERENCES users (id)
)


2022-04-27 14:43:00,468 [INFO] sqlalchemy.engine.Engine: [no key 0.00065s] ()
2022-04-27 14:43:00,469 [INFO] sqlalchemy.engine.Engine: 
CREATE TABLE locations (
	id INTEGER NOT NULL, 
	title VARCHAR(300), 
	longitude VARCHAR(300), 
	latitude VARCHAR(300), 
	population INTEGER, 
	user_id INTEGER, 
	PRIMARY KEY (id), 
	FOREIGN KEY(user_id) REFERENCES users (id)
)


2022-04-27 14:43:00,470 [INFO] sqlalchemy.engine.Engine: [no key 0.00088s] ()
2022-04-27 14:43:00,471 [INFO] sqlalchemy.engine.Engine: COMMIT
2022-04-27 14:43:00,475 [INFO] sqlalchemy.engine.Engine: BEGIN (implicit)
2022-04-27 14:43:00,476 [INFO] sqlalchemy.engine.Engine: PRAGMA main.table_info("songs")
2022-04-27 14:43:00,477 [INFO] sqlalchemy.engine.Engine: [raw sql] ()
2022-04-27 14:43:00,478 [INFO] sqlalchemy.engine.Engine: PRAGMA main.table_info("locations")
2022-04-27 14:43:00,479 [INFO] sqlalchemy.engine.Engine: [raw sql] ()
2022-04-27 14:43:00,480 [INFO] sqlalchemy.engine.Engine: PRAGMA main.table_info("users")
2022-04-27 14:43:00,481 [INFO] sqlalchemy.engine.Engine: [raw sql] ()
2022-04-27 14:43:00,482 [INFO] sqlalchemy.engine.Engine: COMMIT
2022-04-27 14:43:00,485 [INFO] sqlalchemy.engine.Engine: BEGIN (implicit)
2022-04-27 14:43:00,486 [INFO] sqlalchemy.engine.Engine: PRAGMA main.table_info("songs")
2022-04-27 14:43:00,487 [INFO] sqlalchemy.engine.Engine: [raw sql] ()
2022-04-27 14:43:00,487 [INFO] sqlalchemy.engine.Engine: PRAGMA main.table_info("locations")
2022-04-27 14:43:00,488 [INFO] sqlalchemy.engine.Engine: [raw sql] ()
2022-04-27 14:43:00,489 [INFO] sqlalchemy.engine.Engine: PRAGMA main.table_info("users")
2022-04-27 14:43:00,491 [INFO] sqlalchemy.engine.Engine: [raw sql] ()
2022-04-27 14:43:00,492 [INFO] sqlalchemy.engine.Engine: COMMIT
2022-04-27 14:43:00,714 [INFO] sqlalchemy.engine.Engine: BEGIN (implicit)
2022-04-27 14:43:00,715 [INFO] sqlalchemy.engine.Engine: PRAGMA main.table_info("songs")
2022-04-27 14:43:00,716 [INFO] sqlalchemy.engine.Engine: [raw sql] ()
2022-04-27 14:43:00,717 [INFO] sqlalchemy.engine.Engine: PRAGMA temp.table_info("songs")
2022-04-27 14:43:00,718 [INFO] sqlalchemy.engine.Engine: [raw sql] ()
2022-04-27 14:43:00,718 [INFO] sqlalchemy.engine.Engine: PRAGMA main.table_info("locations")
2022-04-27 14:43:00,719 [INFO] sqlalchemy.engine.Engine: [raw sql] ()
2022-04-27 14:43:00,720 [INFO] sqlalchemy.engine.Engine: PRAGMA temp.table_info("locations")
2022-04-27 14:43:00,721 [INFO] sqlalchemy.engine.Engine: [raw sql] ()
2022-04-27 14:43:00,722 [INFO] sqlalchemy.engine.Engine: PRAGMA main.table_info("users")
2022-04-27 14:43:00,723 [INFO] sqlalchemy.engine.Engine: [raw sql] ()
2022-04-27 14:43:00,724 [INFO] sqlalchemy.engine.Engine: PRAGMA temp.table_info("users")
2022-04-27 14:43:00,724 [INFO] sqlalchemy.engine.Engine: [raw sql] ()
2022-04-27 14:43:00,726 [INFO] sqlalchemy.engine.Engine: 
CREATE TABLE users (
	id INTEGER NOT NULL, 
	email VARCHAR(120) NOT NULL, 
	password VARCHAR(300) NOT NULL, 
	about VARCHAR(300), 
	authenticated BOOLEAN, 
	registered_on DATETIME, 
	is_active BOOLEAN DEFAULT '1' NOT NULL, 
	is_admin BOOLEAN DEFAULT '0' NOT NULL, 
	PRIMARY KEY (id), 
	UNIQUE (email)
)


2022-04-27 14:43:00,727 [INFO] sqlalchemy.engine.Engine: [no key 0.00080s] ()
2022-04-27 14:43:00,728 [INFO] sqlalchemy.engine.Engine: 
CREATE TABLE songs (
	id INTEGER NOT NULL, 
	title VARCHAR(300), 
	artist VARCHAR(300), 
	genre VARCHAR(300), 
	year VARCHAR(300), 
	user_id INTEGER, 
	PRIMARY KEY (id), 
	FOREIGN KEY(user_id) REFERENCES users (id)
)


2022-04-27 14:43:00,729 [INFO] sqlalchemy.engine.Engine: [no key 0.00088s] ()
2022-04-27 14:43:00,730 [INFO] sqlalchemy.engine.Engine: 
CREATE TABLE locations (
	id INTEGER NOT NULL, 
	title VARCHAR(300), 
	longitude VARCHAR(300), 
	latitude VARCHAR(300), 
	population INTEGER, 
	user_id INTEGER, 
	PRIMARY KEY (id), 
	FOREIGN KEY(user_id) REFERENCES users (id)
)


2022-04-27 14:43:00,731 [INFO] sqlalchemy.engine.Engine: [no key 0.00092s] ()
2022-04-27 14:43:00,732 [INFO] sqlalchemy.engine.Engine: COMMIT
2022-04-27 14:43:00,736 [INFO] sqlalchemy.engine.Engine: BEGIN (implicit)
2022-04-27 14:43:00,737 [INFO] sqlalchemy.engine.Engine: PRAGMA main.table_info("songs")
2022-04-27 14:43:00,738 [INFO] sqlalchemy.engine.Engine: [raw sql] ()
2022-04-27 14:43:00,738 [INFO] sqlalchemy.engine.Engine: PRAGMA main.table_info("locations")
2022-04-27 14:43:00,739 [INFO] sqlalchemy.engine.Engine: [raw sql] ()
2022-04-27 14:43:00,740 [INFO] sqlalchemy.engine.Engine: PRAGMA main.table_info("users")
2022-04-27 14:43:00,741 [INFO] sqlalchemy.engine.Engine: [raw sql] ()
2022-04-27 14:43:00,742 [INFO] sqlalchemy.engine.Engine: COMMIT
2022-04-27 14:43:00,746 [INFO] sqlalchemy.engine.Engine: BEGIN (implicit)
2022-04-27 14:43:00,747 [INFO] sqlalchemy.engine.Engine: PRAGMA main.table_info("songs")
2022-04-27 14:43:00,748 [INFO] sqlalchemy.engine.Engine: [raw sql] ()
2022-04-27 14:43:00,748 [INFO] sqlalchemy.engine.Engine: PRAGMA main.table_info("locations")
2022-04-27 14:43:00,749 [INFO] sqlalchemy.engine.Engine: [raw sql] ()
2022-04-27 14:43:00,750 [INFO] sqlalchemy.engine.Engine: PRAGMA main.table_info("users")
2022-04-27 14:43:00,751 [INFO] sqlalchemy.engine.Engine: [raw sql] ()
2022-04-27 14:43:00,752 [INFO] sqlalchemy.engine.Engine: COMMIT
2022-04-27 14:43:00,987 [INFO] sqlalchemy.engine.Engine: BEGIN (implicit)
2022-04-27 14:43:00,988 [INFO] sqlalchemy.engine.Engine: PRAGMA main.table_info("songs")
2022-04-27 14:43:00,989 [INFO] sqlalchemy.engine.Engine: [raw sql] ()
2022-04-27 14:43:00,990 [INFO] sqlalchemy.engine.Engine: PRAGMA temp.table_info("songs")
2022-04-27 14:43:00,991 [INFO] sqlalchemy.engine.Engine: [raw sql] ()
2022-04-27 14:43:00,991 [INFO] sqlalchemy.engine.Engine: PRAGMA main.table_info("locations")
2022-04-27 14:43:00,991 [INFO] sqlalchemy.engine.Engine: [raw sql] ()
2022-04-27 14:43:00,992 [INFO] sqlalchemy.engine.Engine: PRAGMA temp.table_info("locations")
2022-04-27 14:43:00,992 [INFO] sqlalchemy.engine.Engine: [raw sql] ()
2022-04-27 14:43:00,993 [INFO] sqlalchemy.engine.Engine: PRAGMA main.table_info("users")
2022-04-27 14:43:00,993 [INFO] sqlalchemy.engine.Engine: [raw sql] ()
2022-04-27 14:43:00,993 [INFO] sqlalchemy.engine.Engine: PRAGMA temp.table_info("users")
2022-04-27 14:43:00,994 [INFO] sqlalchemy.engine.Engine: [raw sql] ()
2022-04-27 14:43:00,995 [INFO] sqlalchemy.engine.Engine: 
CREATE TABLE users (
	id INTEGER NOT NULL, 
	email VARCHAR(120) NOT NULL, 
	password VARCHAR(300) NOT NULL, 
	about VARCHAR(300), 
	authenticated BOOLEAN, 
	registered_on DATETIME, 
	is_active BOOLEAN DEFAULT '1' NOT NULL, 
	is_admin BOOLEAN DEFAULT '0' NOT NULL, 
	PRIMARY KEY (id), 
	UNIQUE (email)
)


2022-04-27 14:43:00,996 [INFO] sqlalchemy.engine.Engine: [no key 0.00051s] ()
2022-04-27 14:43:00,997 [INFO] sqlalchemy.engine.Engine: 
CREATE TABLE songs (
	id INTEGER NOT NULL, 
	title VARCHAR(300), 
	artist VARCHAR(300), 
	genre VARCHAR(300), 
	year VARCHAR(300), 
	user_id INTEGER, 
	PRIMARY KEY (id), 
	FOREIGN KEY(user_id) REFERENCES users (id)
)


2022-04-27 14:43:00,997 [INFO] sqlalchemy.engine.Engine: [no key 0.00039s] ()
2022-04-27 14:43:00,998 [INFO] sqlalchemy.engine.Engine: 
CREATE TABLE locations (
	id INTEGER NOT NULL, 
	title VARCHAR(300), 
	longitude VARCHAR(300), 
	latitude VARCHAR(300), 
	population INTEGER, 
	user_id INTEGER, 
	PRIMARY KEY (id), 
	FOREIGN KEY(user_id) REFERENCES users (id)
)


2022-04-27 14:43:00,998 [INFO] sqlalchemy.engine.Engine: [no key 0.00037s] ()
2022-04-27 14:43:00,999 [INFO] sqlalchemy.engine.Engine: COMMIT
2022-04-27 14:43:01,002 [INFO] sqlalchemy.engine.Engine: BEGIN (implicit)
2022-04-27 14:43:01,002 [INFO] sqlalchemy.engine.Engine: PRAGMA main.table_info("songs")
2022-04-27 14:43:01,003 [INFO] sqlalchemy.engine.Engine: [raw sql] ()
2022-04-27 14:43:01,004 [INFO] sqlalchemy.engine.Engine: PRAGMA main.table_info("locations")
2022-04-27 14:43:01,004 [INFO] sqlalchemy.engine.Engine: [raw sql] ()
2022-04-27 14:43:01,004 [INFO] sqlalchemy.engine.Engine: PRAGMA main.table_info("users")
2022-04-27 14:43:01,005 [INFO] sqlalchemy.engine.Engine: [raw sql] ()
2022-04-27 14:43:01,005 [INFO] sqlalchemy.engine.Engine: COMMIT
2022-04-27 14:43:01,007 [INFO] sqlalchemy.engine.Engine: BEGIN (implicit)
2022-04-27 14:43:01,007 [INFO] sqlalchemy.engine.Engine: PRAGMA main.table_info("songs")
2022-04-27 14:43:01,007 [INFO] sqlalchemy.engine.Engine: [raw sql] ()
2022-04-27 14:43:01,008 [INFO] sqlalchemy.engine.Engine: PRAGMA main.table_info("locations")
2022-04-27 14:43:01,008 [INFO] sqlalchemy.engine.Engine: [raw sql] ()
2022-04-27 14:43:01,008 [INFO] sqlalchemy.engine.Engine: PRAGMA main.table_info("users")
2022-04-27 14:43:01,009 [INFO] sqlalchemy.engine.Engine: [raw sql] ()
2022-04-27 14:43:01,009 [INFO] sqlalchemy.engine.Engine: COMMIT
2022-04-27 14:43:01,214 [INFO] sqlalchemy.engine.Engine: BEGIN (implicit)
2022-04-27 14:43:01,214 [INFO] sqlalchemy.engine.Engine: PRAGMA main.table_info("songs")
2022-04-27 14:43:01,215 [INFO] sqlalchemy.engine.Engine: [raw sql] ()
2022-04-27 14:43:01,215 [INFO] sqlalchemy.engine.Engine: PRAGMA temp.table_info("songs")
2022-04-27 14:43:01,216 [INFO] sqlalchemy.engine.Engine: [raw sql] ()
2022-04-27 14:43:01,216 [INFO] sqlalchemy.engine.Engine: PRAGMA main.table_info("locations")
2022-04-27 14:43:01,216 [INFO] sqlalchemy.engine.Engine: [raw sql] ()
2022-04-27 14:43:01,217 [INFO] sqlalchemy.engine.Engine: PRAGMA temp.table_info("locations")
2022-04-27 14:43:01,217 [INFO] sqlalchemy.engine.Engine: [raw sql] ()
2022-04-27 14:43:01,217 [INFO] sqlalchemy.engine.Engine: PRAGMA main.table_info("users")
2022-04-27 14:43:01,218 [INFO] sqlalchemy.engine.Engine: [raw sql] ()
2022-04-27 14:43:01,218 [INFO] sqlalchemy.engine.Engine: PRAGMA temp.table_info("users")
2022-04-27 14:43:01,218 [INFO] sqlalchemy.engine.Engine: [raw sql] ()
2022-04-27 14:43:01,219 [INFO] sqlalchemy.engine.Engine: 
CREATE TABLE users (
	id INTEGER NOT NULL, 
	email VARCHAR(120) NOT NULL, 
	password VARCHAR(300) NOT NULL, 
	about VARCHAR(300), 
	authenticated BOOLEAN, 
	registered_on DATETIME, 
	is_active BOOLEAN DEFAULT '1' NOT NULL, 
	is_admin BOOLEAN DEFAULT '0' NOT NULL, 
	PRIMARY KEY (id), 
	UNIQUE (email)
)


2022-04-27 14:43:01,219 [INFO] sqlalchemy.engine.Engine: [no key 0.00029s] ()
2022-04-27 14:43:01,220 [INFO] sqlalchemy.engine.Engine: 
CREATE TABLE songs (
	id INTEGER NOT NULL, 
	title VARCHAR(300), 
	artist VARCHAR(300), 
	genre VARCHAR(300), 
	year VARCHAR(300), 
	user_id INTEGER, 
	PRIMARY KEY (id), 
	FOREIGN KEY(user_id) REFERENCES users (id)
)


2022-04-27 14:43:01,221 [INFO] sqlalchemy.engine.Engine: [no key 0.00051s] ()
2022-04-27 14:43:01,221 [INFO] sqlalchemy.engine.Engine: 
CREATE TABLE locations (
	id INTEGER NOT NULL, 
	title VARCHAR(300), 
	longitude VARCHAR(300), 
	latitude VARCHAR(300), 
	population INTEGER, 
	user_id INTEGER, 
	PRIMARY KEY (id), 
	FOREIGN KEY(user_id) REFERENCES users (id)
)


2022-04-27 14:43:01,221 [INFO] sqlalchemy.engine.Engine: [no key 0.00030s] ()
2022-04-27 14:43:01,222 [INFO] sqlalchemy.engine.Engine: COMMIT
2022-04-27 14:43:01,230 [INFO] sqlalchemy.engine.Engine: BEGIN (implicit)
2022-04-27 14:43:01,235 [INFO] sqlalchemy.engine.Engine: SELECT count(*) AS count_1 
FROM (SELECT users.is_active AS users_is_active, users.id AS users_id, users.email AS users_email, users.password AS users_password, users.about AS users_about, users.authenticated AS users_authenticated, users.registered_on AS users_registered_on, users.is_admin AS users_is_admin 
FROM users) AS anon_1
2022-04-27 14:43:01,236 [INFO] sqlalchemy.engine.Engine: [generated in 0.00108s] ()
2022-04-27 14:43:01,240 [INFO] sqlalchemy.engine.Engine: SELECT count(*) AS count_1 
FROM (SELECT songs.id AS songs_id, songs.title AS songs_title, songs.artist AS songs_artist, songs.genre AS songs_genre, songs.year AS songs_year, songs.user_id AS songs_user_id 
FROM songs) AS anon_1
2022-04-27 14:43:01,241 [INFO] sqlalchemy.engine.Engine: [generated in 0.00074s] ()
2022-04-27 14:43:01,244 [INFO] sqlalchemy.engine.Engine: INSERT INTO users (email, password, about, authenticated, registered_on) VALUES (?, ?, ?, ?, ?)
2022-04-27 14:43:01,244 [INFO] sqlalchemy.engine.Engine: [generated in 0.00072s] ('keith@webizly.com', 'testtest', None, 0, '2022-04-27 14:43:01.242480')
2022-04-27 14:43:01,247 [INFO] sqlalchemy.engine.Engine: SELECT users.is_active AS users_is_active, users.id AS users_id, users.email AS users_email, users.password AS users_password, users.about AS users_about, users.authenticated AS users_authenticated, users.registered_on AS users_registered_on, users.is_admin AS users_is_admin 
FROM users 
WHERE users.email = ?
 LIMIT ? OFFSET ?
2022-04-27 14:43:01,248 [INFO] sqlalchemy.engine.Engine: [generated in 0.00077s] ('keith@webizly.com', 1, 0)
2022-04-27 14:43:01,250 [INFO] sqlalchemy.engine.Engine: ROLLBACK
2022-04-27 14:44:24,661 [INFO] sqlalchemy.engine.Engine: BEGIN (implicit)
2022-04-27 14:44:24,663 [INFO] sqlalchemy.engine.Engine: PRAGMA main.table_info("songs")
2022-04-27 14:44:24,663 [INFO] sqlalchemy.engine.Engine: [raw sql] ()
2022-04-27 14:44:24,664 [INFO] sqlalchemy.engine.Engine: PRAGMA temp.table_info("songs")
2022-04-27 14:44:24,664 [INFO] sqlalchemy.engine.Engine: [raw sql] ()
2022-04-27 14:44:24,665 [INFO] sqlalchemy.engine.Engine: PRAGMA main.table_info("locations")
2022-04-27 14:44:24,665 [INFO] sqlalchemy.engine.Engine: [raw sql] ()
2022-04-27 14:44:24,666 [INFO] sqlalchemy.engine.Engine: PRAGMA temp.table_info("locations")
2022-04-27 14:44:24,666 [INFO] sqlalchemy.engine.Engine: [raw sql] ()
2022-04-27 14:44:24,667 [INFO] sqlalchemy.engine.Engine: PRAGMA main.table_info("users")
2022-04-27 14:44:24,668 [INFO] sqlalchemy.engine.Engine: [raw sql] ()
2022-04-27 14:44:24,668 [INFO] sqlalchemy.engine.Engine: PRAGMA temp.table_info("users")
2022-04-27 14:44:24,669 [INFO] sqlalchemy.engine.Engine: [raw sql] ()
2022-04-27 14:44:24,670 [INFO] sqlalchemy.engine.Engine: 
CREATE TABLE users (
	id INTEGER NOT NULL, 
	email VARCHAR(120) NOT NULL, 
	password VARCHAR(300) NOT NULL, 
	about VARCHAR(300), 
	authenticated BOOLEAN, 
	registered_on DATETIME, 
	is_active BOOLEAN DEFAULT '1' NOT NULL, 
	is_admin BOOLEAN DEFAULT '0' NOT NULL, 
	PRIMARY KEY (id), 
	UNIQUE (email)
)


2022-04-27 14:44:24,671 [INFO] sqlalchemy.engine.Engine: [no key 0.00049s] ()
2022-04-27 14:44:24,672 [INFO] sqlalchemy.engine.Engine: 
CREATE TABLE songs (
	id INTEGER NOT NULL, 
	title VARCHAR(300), 
	artist VARCHAR(300), 
	genre VARCHAR(300), 
	year VARCHAR(300), 
	user_id INTEGER, 
	PRIMARY KEY (id), 
	FOREIGN KEY(user_id) REFERENCES users (id)
)


2022-04-27 14:44:24,673 [INFO] sqlalchemy.engine.Engine: [no key 0.00066s] ()
2022-04-27 14:44:24,674 [INFO] sqlalchemy.engine.Engine: 
CREATE TABLE locations (
	id INTEGER NOT NULL, 
	title VARCHAR(300), 
	longitude VARCHAR(300), 
	latitude VARCHAR(300), 
	population INTEGER, 
	user_id INTEGER, 
	PRIMARY KEY (id), 
	FOREIGN KEY(user_id) REFERENCES users (id)
)


2022-04-27 14:44:24,674 [INFO] sqlalchemy.engine.Engine: [no key 0.00060s] ()
2022-04-27 14:44:24,675 [INFO] sqlalchemy.engine.Engine: COMMIT
2022-04-27 14:44:24,680 [INFO] sqlalchemy.engine.Engine: BEGIN (implicit)
2022-04-27 14:44:24,681 [INFO] sqlalchemy.engine.Engine: PRAGMA main.table_info("songs")
2022-04-27 14:44:24,681 [INFO] sqlalchemy.engine.Engine: [raw sql] ()
2022-04-27 14:44:24,682 [INFO] sqlalchemy.engine.Engine: PRAGMA main.table_info("locations")
2022-04-27 14:44:24,683 [INFO] sqlalchemy.engine.Engine: [raw sql] ()
2022-04-27 14:44:24,684 [INFO] sqlalchemy.engine.Engine: PRAGMA main.table_info("users")
2022-04-27 14:44:24,684 [INFO] sqlalchemy.engine.Engine: [raw sql] ()
2022-04-27 14:44:24,685 [INFO] sqlalchemy.engine.Engine: COMMIT
2022-04-27 14:44:24,690 [INFO] sqlalchemy.engine.Engine: BEGIN (implicit)
2022-04-27 14:44:24,690 [INFO] sqlalchemy.engine.Engine: PRAGMA main.table_info("songs")
2022-04-27 14:44:24,691 [INFO] sqlalchemy.engine.Engine: [raw sql] ()
2022-04-27 14:44:24,692 [INFO] sqlalchemy.engine.Engine: PRAGMA main.table_info("locations")
2022-04-27 14:44:24,692 [INFO] sqlalchemy.engine.Engine: [raw sql] ()
2022-04-27 14:44:24,693 [INFO] sqlalchemy.engine.Engine: PRAGMA main.table_info("users")
2022-04-27 14:44:24,694 [INFO] sqlalchemy.engine.Engine: [raw sql] ()
2022-04-27 14:44:24,695 [INFO] sqlalchemy.engine.Engine: COMMIT
2022-04-27 14:44:24,942 [INFO] sqlalchemy.engine.Engine: BEGIN (implicit)
2022-04-27 14:44:24,943 [INFO] sqlalchemy.engine.Engine: PRAGMA main.table_info("songs")
2022-04-27 14:44:24,944 [INFO] sqlalchemy.engine.Engine: [raw sql] ()
2022-04-27 14:44:24,945 [INFO] sqlalchemy.engine.Engine: PRAGMA temp.table_info("songs")
2022-04-27 14:44:24,946 [INFO] sqlalchemy.engine.Engine: [raw sql] ()
2022-04-27 14:44:24,947 [INFO] sqlalchemy.engine.Engine: PRAGMA main.table_info("locations")
2022-04-27 14:44:24,947 [INFO] sqlalchemy.engine.Engine: [raw sql] ()
2022-04-27 14:44:24,948 [INFO] sqlalchemy.engine.Engine: PRAGMA temp.table_info("locations")
2022-04-27 14:44:24,949 [INFO] sqlalchemy.engine.Engine: [raw sql] ()
2022-04-27 14:44:24,949 [INFO] sqlalchemy.engine.Engine: PRAGMA main.table_info("users")
2022-04-27 14:44:24,950 [INFO] sqlalchemy.engine.Engine: [raw sql] ()
2022-04-27 14:44:24,951 [INFO] sqlalchemy.engine.Engine: PRAGMA temp.table_info("users")
2022-04-27 14:44:24,951 [INFO] sqlalchemy.engine.Engine: [raw sql] ()
2022-04-27 14:44:24,953 [INFO] sqlalchemy.engine.Engine: 
CREATE TABLE users (
	id INTEGER NOT NULL, 
	email VARCHAR(120) NOT NULL, 
	password VARCHAR(300) NOT NULL, 
	about VARCHAR(300), 
	authenticated BOOLEAN, 
	registered_on DATETIME, 
	is_active BOOLEAN DEFAULT '1' NOT NULL, 
	is_admin BOOLEAN DEFAULT '0' NOT NULL, 
	PRIMARY KEY (id), 
	UNIQUE (email)
)


2022-04-27 14:44:24,953 [INFO] sqlalchemy.engine.Engine: [no key 0.00077s] ()
2022-04-27 14:44:24,954 [INFO] sqlalchemy.engine.Engine: 
CREATE TABLE songs (
	id INTEGER NOT NULL, 
	title VARCHAR(300), 
	artist VARCHAR(300), 
	genre VARCHAR(300), 
	year VARCHAR(300), 
	user_id INTEGER, 
	PRIMARY KEY (id), 
	FOREIGN KEY(user_id) REFERENCES users (id)
)


2022-04-27 14:44:24,955 [INFO] sqlalchemy.engine.Engine: [no key 0.00066s] ()
2022-04-27 14:44:24,956 [INFO] sqlalchemy.engine.Engine: 
CREATE TABLE locations (
	id INTEGER NOT NULL, 
	title VARCHAR(300), 
	longitude VARCHAR(300), 
	latitude VARCHAR(300), 
	population INTEGER, 
	user_id INTEGER, 
	PRIMARY KEY (id), 
	FOREIGN KEY(user_id) REFERENCES users (id)
)


2022-04-27 14:44:24,957 [INFO] sqlalchemy.engine.Engine: [no key 0.00057s] ()
2022-04-27 14:44:24,958 [INFO] sqlalchemy.engine.Engine: COMMIT
2022-04-27 14:44:24,981 [INFO] sqlalchemy.engine.Engine: BEGIN (implicit)
2022-04-27 14:44:24,982 [INFO] sqlalchemy.engine.Engine: PRAGMA main.table_info("songs")
2022-04-27 14:44:24,982 [INFO] sqlalchemy.engine.Engine: [raw sql] ()
2022-04-27 14:44:24,983 [INFO] sqlalchemy.engine.Engine: PRAGMA temp.table_info("songs")
2022-04-27 14:44:24,984 [INFO] sqlalchemy.engine.Engine: [raw sql] ()
2022-04-27 14:44:24,985 [INFO] sqlalchemy.engine.Engine: PRAGMA main.table_info("locations")
2022-04-27 14:44:24,985 [INFO] sqlalchemy.engine.Engine: [raw sql] ()
2022-04-27 14:44:24,986 [INFO] sqlalchemy.engine.Engine: PRAGMA temp.table_info("locations")
2022-04-27 14:44:24,986 [INFO] sqlalchemy.engine.Engine: [raw sql] ()
2022-04-27 14:44:24,987 [INFO] sqlalchemy.engine.Engine: PRAGMA main.table_info("users")
2022-04-27 14:44:24,988 [INFO] sqlalchemy.engine.Engine: [raw sql] ()
2022-04-27 14:44:24,989 [INFO] sqlalchemy.engine.Engine: PRAGMA temp.table_info("users")
2022-04-27 14:44:24,989 [INFO] sqlalchemy.engine.Engine: [raw sql] ()
2022-04-27 14:44:24,990 [INFO] sqlalchemy.engine.Engine: 
CREATE TABLE users (
	id INTEGER NOT NULL, 
	email VARCHAR(120) NOT NULL, 
	password VARCHAR(300) NOT NULL, 
	about VARCHAR(300), 
	authenticated BOOLEAN, 
	registered_on DATETIME, 
	is_active BOOLEAN DEFAULT '1' NOT NULL, 
	is_admin BOOLEAN DEFAULT '0' NOT NULL, 
	PRIMARY KEY (id), 
	UNIQUE (email)
)


2022-04-27 14:44:24,991 [INFO] sqlalchemy.engine.Engine: [no key 0.00065s] ()
2022-04-27 14:44:24,992 [INFO] sqlalchemy.engine.Engine: 
CREATE TABLE songs (
	id INTEGER NOT NULL, 
	title VARCHAR(300), 
	artist VARCHAR(300), 
	genre VARCHAR(300), 
	year VARCHAR(300), 
	user_id INTEGER, 
	PRIMARY KEY (id), 
	FOREIGN KEY(user_id) REFERENCES users (id)
)


2022-04-27 14:44:24,993 [INFO] sqlalchemy.engine.Engine: [no key 0.00043s] ()
2022-04-27 14:44:24,994 [INFO] sqlalchemy.engine.Engine: 
CREATE TABLE locations (
	id INTEGER NOT NULL, 
	title VARCHAR(300), 
	longitude VARCHAR(300), 
	latitude VARCHAR(300), 
	population INTEGER, 
	user_id INTEGER, 
	PRIMARY KEY (id), 
	FOREIGN KEY(user_id) REFERENCES users (id)
)


2022-04-27 14:44:24,994 [INFO] sqlalchemy.engine.Engine: [no key 0.00063s] ()
2022-04-27 14:44:24,995 [INFO] sqlalchemy.engine.Engine: COMMIT
2022-04-27 14:44:25,014 [INFO] sqlalchemy.engine.Engine: BEGIN (implicit)
2022-04-27 14:44:25,014 [INFO] sqlalchemy.engine.Engine: PRAGMA main.table_info("songs")
2022-04-27 14:44:25,015 [INFO] sqlalchemy.engine.Engine: [raw sql] ()
2022-04-27 14:44:25,016 [INFO] sqlalchemy.engine.Engine: PRAGMA temp.table_info("songs")
2022-04-27 14:44:25,017 [INFO] sqlalchemy.engine.Engine: [raw sql] ()
2022-04-27 14:44:25,017 [INFO] sqlalchemy.engine.Engine: PRAGMA main.table_info("locations")
2022-04-27 14:44:25,018 [INFO] sqlalchemy.engine.Engine: [raw sql] ()
2022-04-27 14:44:25,019 [INFO] sqlalchemy.engine.Engine: PRAGMA temp.table_info("locations")
2022-04-27 14:44:25,019 [INFO] sqlalchemy.engine.Engine: [raw sql] ()
2022-04-27 14:44:25,020 [INFO] sqlalchemy.engine.Engine: PRAGMA main.table_info("users")
2022-04-27 14:44:25,020 [INFO] sqlalchemy.engine.Engine: [raw sql] ()
2022-04-27 14:44:25,021 [INFO] sqlalchemy.engine.Engine: PRAGMA temp.table_info("users")
2022-04-27 14:44:25,022 [INFO] sqlalchemy.engine.Engine: [raw sql] ()
2022-04-27 14:44:25,023 [INFO] sqlalchemy.engine.Engine: 
CREATE TABLE users (
	id INTEGER NOT NULL, 
	email VARCHAR(120) NOT NULL, 
	password VARCHAR(300) NOT NULL, 
	about VARCHAR(300), 
	authenticated BOOLEAN, 
	registered_on DATETIME, 
	is_active BOOLEAN DEFAULT '1' NOT NULL, 
	is_admin BOOLEAN DEFAULT '0' NOT NULL, 
	PRIMARY KEY (id), 
	UNIQUE (email)
)


2022-04-27 14:44:25,023 [INFO] sqlalchemy.engine.Engine: [no key 0.00067s] ()
2022-04-27 14:44:25,024 [INFO] sqlalchemy.engine.Engine: 
CREATE TABLE songs (
	id INTEGER NOT NULL, 
	title VARCHAR(300), 
	artist VARCHAR(300), 
	genre VARCHAR(300), 
	year VARCHAR(300), 
	user_id INTEGER, 
	PRIMARY KEY (id), 
	FOREIGN KEY(user_id) REFERENCES users (id)
)


2022-04-27 14:44:25,025 [INFO] sqlalchemy.engine.Engine: [no key 0.00058s] ()
2022-04-27 14:44:25,026 [INFO] sqlalchemy.engine.Engine: 
CREATE TABLE locations (
	id INTEGER NOT NULL, 
	title VARCHAR(300), 
	longitude VARCHAR(300), 
	latitude VARCHAR(300), 
	population INTEGER, 
	user_id INTEGER, 
	PRIMARY KEY (id), 
	FOREIGN KEY(user_id) REFERENCES users (id)
)


2022-04-27 14:44:25,027 [INFO] sqlalchemy.engine.Engine: [no key 0.00100s] ()
2022-04-27 14:44:25,028 [INFO] sqlalchemy.engine.Engine: COMMIT
2022-04-27 14:44:25,046 [INFO] sqlalchemy.engine.Engine: BEGIN (implicit)
2022-04-27 14:44:25,047 [INFO] sqlalchemy.engine.Engine: PRAGMA main.table_info("songs")
2022-04-27 14:44:25,047 [INFO] sqlalchemy.engine.Engine: [raw sql] ()
2022-04-27 14:44:25,048 [INFO] sqlalchemy.engine.Engine: PRAGMA temp.table_info("songs")
2022-04-27 14:44:25,049 [INFO] sqlalchemy.engine.Engine: [raw sql] ()
2022-04-27 14:44:25,050 [INFO] sqlalchemy.engine.Engine: PRAGMA main.table_info("locations")
2022-04-27 14:44:25,050 [INFO] sqlalchemy.engine.Engine: [raw sql] ()
2022-04-27 14:44:25,051 [INFO] sqlalchemy.engine.Engine: PRAGMA temp.table_info("locations")
2022-04-27 14:44:25,052 [INFO] sqlalchemy.engine.Engine: [raw sql] ()
2022-04-27 14:44:25,053 [INFO] sqlalchemy.engine.Engine: PRAGMA main.table_info("users")
2022-04-27 14:44:25,053 [INFO] sqlalchemy.engine.Engine: [raw sql] ()
2022-04-27 14:44:25,054 [INFO] sqlalchemy.engine.Engine: PRAGMA temp.table_info("users")
2022-04-27 14:44:25,055 [INFO] sqlalchemy.engine.Engine: [raw sql] ()
2022-04-27 14:44:25,056 [INFO] sqlalchemy.engine.Engine: 
CREATE TABLE users (
	id INTEGER NOT NULL, 
	email VARCHAR(120) NOT NULL, 
	password VARCHAR(300) NOT NULL, 
	about VARCHAR(300), 
	authenticated BOOLEAN, 
	registered_on DATETIME, 
	is_active BOOLEAN DEFAULT '1' NOT NULL, 
	is_admin BOOLEAN DEFAULT '0' NOT NULL, 
	PRIMARY KEY (id), 
	UNIQUE (email)
)


2022-04-27 14:44:25,057 [INFO] sqlalchemy.engine.Engine: [no key 0.00059s] ()
2022-04-27 14:44:25,058 [INFO] sqlalchemy.engine.Engine: 
CREATE TABLE songs (
	id INTEGER NOT NULL, 
	title VARCHAR(300), 
	artist VARCHAR(300), 
	genre VARCHAR(300), 
	year VARCHAR(300), 
	user_id INTEGER, 
	PRIMARY KEY (id), 
	FOREIGN KEY(user_id) REFERENCES users (id)
)


2022-04-27 14:44:25,059 [INFO] sqlalchemy.engine.Engine: [no key 0.00057s] ()
2022-04-27 14:44:25,060 [INFO] sqlalchemy.engine.Engine: 
CREATE TABLE locations (
	id INTEGER NOT NULL, 
	title VARCHAR(300), 
	longitude VARCHAR(300), 
	latitude VARCHAR(300), 
	population INTEGER, 
	user_id INTEGER, 
	PRIMARY KEY (id), 
	FOREIGN KEY(user_id) REFERENCES users (id)
)


2022-04-27 14:44:25,060 [INFO] sqlalchemy.engine.Engine: [no key 0.00050s] ()
2022-04-27 14:44:25,061 [INFO] sqlalchemy.engine.Engine: COMMIT
2022-04-27 14:44:25,080 [INFO] sqlalchemy.engine.Engine: BEGIN (implicit)
2022-04-27 14:44:25,081 [INFO] sqlalchemy.engine.Engine: PRAGMA main.table_info("songs")
2022-04-27 14:44:25,081 [INFO] sqlalchemy.engine.Engine: [raw sql] ()
2022-04-27 14:44:25,083 [INFO] sqlalchemy.engine.Engine: PRAGMA temp.table_info("songs")
2022-04-27 14:44:25,083 [INFO] sqlalchemy.engine.Engine: [raw sql] ()
2022-04-27 14:44:25,084 [INFO] sqlalchemy.engine.Engine: PRAGMA main.table_info("locations")
2022-04-27 14:44:25,085 [INFO] sqlalchemy.engine.Engine: [raw sql] ()
2022-04-27 14:44:25,085 [INFO] sqlalchemy.engine.Engine: PRAGMA temp.table_info("locations")
2022-04-27 14:44:25,086 [INFO] sqlalchemy.engine.Engine: [raw sql] ()
2022-04-27 14:44:25,086 [INFO] sqlalchemy.engine.Engine: PRAGMA main.table_info("users")
2022-04-27 14:44:25,087 [INFO] sqlalchemy.engine.Engine: [raw sql] ()
2022-04-27 14:44:25,088 [INFO] sqlalchemy.engine.Engine: PRAGMA temp.table_info("users")
2022-04-27 14:44:25,089 [INFO] sqlalchemy.engine.Engine: [raw sql] ()
2022-04-27 14:44:25,090 [INFO] sqlalchemy.engine.Engine: 
CREATE TABLE users (
	id INTEGER NOT NULL, 
	email VARCHAR(120) NOT NULL, 
	password VARCHAR(300) NOT NULL, 
	about VARCHAR(300), 
	authenticated BOOLEAN, 
	registered_on DATETIME, 
	is_active BOOLEAN DEFAULT '1' NOT NULL, 
	is_admin BOOLEAN DEFAULT '0' NOT NULL, 
	PRIMARY KEY (id), 
	UNIQUE (email)
)


2022-04-27 14:44:25,090 [INFO] sqlalchemy.engine.Engine: [no key 0.00060s] ()
2022-04-27 14:44:25,092 [INFO] sqlalchemy.engine.Engine: 
CREATE TABLE songs (
	id INTEGER NOT NULL, 
	title VARCHAR(300), 
	artist VARCHAR(300), 
	genre VARCHAR(300), 
	year VARCHAR(300), 
	user_id INTEGER, 
	PRIMARY KEY (id), 
	FOREIGN KEY(user_id) REFERENCES users (id)
)


2022-04-27 14:44:25,092 [INFO] sqlalchemy.engine.Engine: [no key 0.00067s] ()
2022-04-27 14:44:25,093 [INFO] sqlalchemy.engine.Engine: 
CREATE TABLE locations (
	id INTEGER NOT NULL, 
	title VARCHAR(300), 
	longitude VARCHAR(300), 
	latitude VARCHAR(300), 
	population INTEGER, 
	user_id INTEGER, 
	PRIMARY KEY (id), 
	FOREIGN KEY(user_id) REFERENCES users (id)
)


2022-04-27 14:44:25,093 [INFO] sqlalchemy.engine.Engine: [no key 0.00036s] ()
2022-04-27 14:44:25,094 [INFO] sqlalchemy.engine.Engine: COMMIT
2022-04-27 14:44:25,098 [INFO] sqlalchemy.engine.Engine: BEGIN (implicit)
2022-04-27 14:44:25,099 [INFO] sqlalchemy.engine.Engine: PRAGMA main.table_info("songs")
2022-04-27 14:44:25,099 [INFO] sqlalchemy.engine.Engine: [raw sql] ()
2022-04-27 14:44:25,100 [INFO] sqlalchemy.engine.Engine: PRAGMA main.table_info("locations")
2022-04-27 14:44:25,100 [INFO] sqlalchemy.engine.Engine: [raw sql] ()
2022-04-27 14:44:25,101 [INFO] sqlalchemy.engine.Engine: PRAGMA main.table_info("users")
2022-04-27 14:44:25,102 [INFO] sqlalchemy.engine.Engine: [raw sql] ()
2022-04-27 14:44:25,102 [INFO] sqlalchemy.engine.Engine: COMMIT
2022-04-27 14:44:25,105 [INFO] sqlalchemy.engine.Engine: BEGIN (implicit)
2022-04-27 14:44:25,106 [INFO] sqlalchemy.engine.Engine: PRAGMA main.table_info("songs")
2022-04-27 14:44:25,106 [INFO] sqlalchemy.engine.Engine: [raw sql] ()
2022-04-27 14:44:25,107 [INFO] sqlalchemy.engine.Engine: PRAGMA main.table_info("locations")
2022-04-27 14:44:25,108 [INFO] sqlalchemy.engine.Engine: [raw sql] ()
2022-04-27 14:44:25,108 [INFO] sqlalchemy.engine.Engine: PRAGMA main.table_info("users")
2022-04-27 14:44:25,109 [INFO] sqlalchemy.engine.Engine: [raw sql] ()
2022-04-27 14:44:25,110 [INFO] sqlalchemy.engine.Engine: COMMIT
2022-04-27 14:44:25,329 [INFO] sqlalchemy.engine.Engine: BEGIN (implicit)
2022-04-27 14:44:25,330 [INFO] sqlalchemy.engine.Engine: PRAGMA main.table_info("songs")
2022-04-27 14:44:25,330 [INFO] sqlalchemy.engine.Engine: [raw sql] ()
2022-04-27 14:44:25,331 [INFO] sqlalchemy.engine.Engine: PRAGMA temp.table_info("songs")
2022-04-27 14:44:25,332 [INFO] sqlalchemy.engine.Engine: [raw sql] ()
2022-04-27 14:44:25,333 [INFO] sqlalchemy.engine.Engine: PRAGMA main.table_info("locations")
2022-04-27 14:44:25,333 [INFO] sqlalchemy.engine.Engine: [raw sql] ()
2022-04-27 14:44:25,334 [INFO] sqlalchemy.engine.Engine: PRAGMA temp.table_info("locations")
2022-04-27 14:44:25,334 [INFO] sqlalchemy.engine.Engine: [raw sql] ()
2022-04-27 14:44:25,335 [INFO] sqlalchemy.engine.Engine: PRAGMA main.table_info("users")
2022-04-27 14:44:25,336 [INFO] sqlalchemy.engine.Engine: [raw sql] ()
2022-04-27 14:44:25,337 [INFO] sqlalchemy.engine.Engine: PRAGMA temp.table_info("users")
2022-04-27 14:44:25,338 [INFO] sqlalchemy.engine.Engine: [raw sql] ()
2022-04-27 14:44:25,339 [INFO] sqlalchemy.engine.Engine: 
CREATE TABLE users (
	id INTEGER NOT NULL, 
	email VARCHAR(120) NOT NULL, 
	password VARCHAR(300) NOT NULL, 
	about VARCHAR(300), 
	authenticated BOOLEAN, 
	registered_on DATETIME, 
	is_active BOOLEAN DEFAULT '1' NOT NULL, 
	is_admin BOOLEAN DEFAULT '0' NOT NULL, 
	PRIMARY KEY (id), 
	UNIQUE (email)
)


2022-04-27 14:44:25,340 [INFO] sqlalchemy.engine.Engine: [no key 0.00055s] ()
2022-04-27 14:44:25,341 [INFO] sqlalchemy.engine.Engine: 
CREATE TABLE songs (
	id INTEGER NOT NULL, 
	title VARCHAR(300), 
	artist VARCHAR(300), 
	genre VARCHAR(300), 
	year VARCHAR(300), 
	user_id INTEGER, 
	PRIMARY KEY (id), 
	FOREIGN KEY(user_id) REFERENCES users (id)
)


2022-04-27 14:44:25,342 [INFO] sqlalchemy.engine.Engine: [no key 0.00089s] ()
2022-04-27 14:44:25,343 [INFO] sqlalchemy.engine.Engine: 
CREATE TABLE locations (
	id INTEGER NOT NULL, 
	title VARCHAR(300), 
	longitude VARCHAR(300), 
	latitude VARCHAR(300), 
	population INTEGER, 
	user_id INTEGER, 
	PRIMARY KEY (id), 
	FOREIGN KEY(user_id) REFERENCES users (id)
)


2022-04-27 14:44:25,344 [INFO] sqlalchemy.engine.Engine: [no key 0.00058s] ()
2022-04-27 14:44:25,345 [INFO] sqlalchemy.engine.Engine: COMMIT
2022-04-27 14:44:25,351 [INFO] sqlalchemy.engine.Engine: BEGIN (implicit)
2022-04-27 14:44:25,351 [INFO] sqlalchemy.engine.Engine: PRAGMA main.table_info("songs")
2022-04-27 14:44:25,352 [INFO] sqlalchemy.engine.Engine: [raw sql] ()
2022-04-27 14:44:25,353 [INFO] sqlalchemy.engine.Engine: PRAGMA main.table_info("locations")
2022-04-27 14:44:25,354 [INFO] sqlalchemy.engine.Engine: [raw sql] ()
2022-04-27 14:44:25,354 [INFO] sqlalchemy.engine.Engine: PRAGMA main.table_info("users")
2022-04-27 14:44:25,355 [INFO] sqlalchemy.engine.Engine: [raw sql] ()
2022-04-27 14:44:25,356 [INFO] sqlalchemy.engine.Engine: COMMIT
2022-04-27 14:44:25,359 [INFO] sqlalchemy.engine.Engine: BEGIN (implicit)
2022-04-27 14:44:25,360 [INFO] sqlalchemy.engine.Engine: PRAGMA main.table_info("songs")
2022-04-27 14:44:25,360 [INFO] sqlalchemy.engine.Engine: [raw sql] ()
2022-04-27 14:44:25,361 [INFO] sqlalchemy.engine.Engine: PRAGMA main.table_info("locations")
2022-04-27 14:44:25,362 [INFO] sqlalchemy.engine.Engine: [raw sql] ()
2022-04-27 14:44:25,363 [INFO] sqlalchemy.engine.Engine: PRAGMA main.table_info("users")
2022-04-27 14:44:25,363 [INFO] sqlalchemy.engine.Engine: [raw sql] ()
2022-04-27 14:44:25,364 [INFO] sqlalchemy.engine.Engine: COMMIT
2022-04-27 14:44:25,659 [INFO] sqlalchemy.engine.Engine: BEGIN (implicit)
2022-04-27 14:44:25,660 [INFO] sqlalchemy.engine.Engine: PRAGMA main.table_info("songs")
2022-04-27 14:44:25,661 [INFO] sqlalchemy.engine.Engine: [raw sql] ()
2022-04-27 14:44:25,663 [INFO] sqlalchemy.engine.Engine: PRAGMA temp.table_info("songs")
2022-04-27 14:44:25,664 [INFO] sqlalchemy.engine.Engine: [raw sql] ()
2022-04-27 14:44:25,665 [INFO] sqlalchemy.engine.Engine: PRAGMA main.table_info("locations")
2022-04-27 14:44:25,666 [INFO] sqlalchemy.engine.Engine: [raw sql] ()
2022-04-27 14:44:25,667 [INFO] sqlalchemy.engine.Engine: PRAGMA temp.table_info("locations")
2022-04-27 14:44:25,668 [INFO] sqlalchemy.engine.Engine: [raw sql] ()
2022-04-27 14:44:25,670 [INFO] sqlalchemy.engine.Engine: PRAGMA main.table_info("users")
2022-04-27 14:44:25,671 [INFO] sqlalchemy.engine.Engine: [raw sql] ()
2022-04-27 14:44:25,672 [INFO] sqlalchemy.engine.Engine: PRAGMA temp.table_info("users")
2022-04-27 14:44:25,673 [INFO] sqlalchemy.engine.Engine: [raw sql] ()
2022-04-27 14:44:25,674 [INFO] sqlalchemy.engine.Engine: 
CREATE TABLE users (
	id INTEGER NOT NULL, 
	email VARCHAR(120) NOT NULL, 
	password VARCHAR(300) NOT NULL, 
	about VARCHAR(300), 
	authenticated BOOLEAN, 
	registered_on DATETIME, 
	is_active BOOLEAN DEFAULT '1' NOT NULL, 
	is_admin BOOLEAN DEFAULT '0' NOT NULL, 
	PRIMARY KEY (id), 
	UNIQUE (email)
)


2022-04-27 14:44:25,675 [INFO] sqlalchemy.engine.Engine: [no key 0.00061s] ()
2022-04-27 14:44:25,676 [INFO] sqlalchemy.engine.Engine: 
CREATE TABLE songs (
	id INTEGER NOT NULL, 
	title VARCHAR(300), 
	artist VARCHAR(300), 
	genre VARCHAR(300), 
	year VARCHAR(300), 
	user_id INTEGER, 
	PRIMARY KEY (id), 
	FOREIGN KEY(user_id) REFERENCES users (id)
)


2022-04-27 14:44:25,677 [INFO] sqlalchemy.engine.Engine: [no key 0.00059s] ()
2022-04-27 14:44:25,679 [INFO] sqlalchemy.engine.Engine: 
CREATE TABLE locations (
	id INTEGER NOT NULL, 
	title VARCHAR(300), 
	longitude VARCHAR(300), 
	latitude VARCHAR(300), 
	population INTEGER, 
	user_id INTEGER, 
	PRIMARY KEY (id), 
	FOREIGN KEY(user_id) REFERENCES users (id)
)


2022-04-27 14:44:25,680 [INFO] sqlalchemy.engine.Engine: [no key 0.00079s] ()
2022-04-27 14:44:25,681 [INFO] sqlalchemy.engine.Engine: COMMIT
2022-04-27 14:44:25,686 [INFO] sqlalchemy.engine.Engine: BEGIN (implicit)
2022-04-27 14:44:25,687 [INFO] sqlalchemy.engine.Engine: PRAGMA main.table_info("songs")
2022-04-27 14:44:25,688 [INFO] sqlalchemy.engine.Engine: [raw sql] ()
2022-04-27 14:44:25,689 [INFO] sqlalchemy.engine.Engine: PRAGMA main.table_info("locations")
2022-04-27 14:44:25,689 [INFO] sqlalchemy.engine.Engine: [raw sql] ()
2022-04-27 14:44:25,691 [INFO] sqlalchemy.engine.Engine: PRAGMA main.table_info("users")
2022-04-27 14:44:25,691 [INFO] sqlalchemy.engine.Engine: [raw sql] ()
2022-04-27 14:44:25,693 [INFO] sqlalchemy.engine.Engine: COMMIT
2022-04-27 14:44:25,697 [INFO] sqlalchemy.engine.Engine: BEGIN (implicit)
2022-04-27 14:44:25,698 [INFO] sqlalchemy.engine.Engine: PRAGMA main.table_info("songs")
2022-04-27 14:44:25,698 [INFO] sqlalchemy.engine.Engine: [raw sql] ()
2022-04-27 14:44:25,699 [INFO] sqlalchemy.engine.Engine: PRAGMA main.table_info("locations")
2022-04-27 14:44:25,699 [INFO] sqlalchemy.engine.Engine: [raw sql] ()
2022-04-27 14:44:25,700 [INFO] sqlalchemy.engine.Engine: PRAGMA main.table_info("users")
2022-04-27 14:44:25,701 [INFO] sqlalchemy.engine.Engine: [raw sql] ()
2022-04-27 14:44:25,702 [INFO] sqlalchemy.engine.Engine: COMMIT
2022-04-27 14:44:26,009 [INFO] sqlalchemy.engine.Engine: BEGIN (implicit)
2022-04-27 14:44:26,011 [INFO] sqlalchemy.engine.Engine: PRAGMA main.table_info("songs")
2022-04-27 14:44:26,011 [INFO] sqlalchemy.engine.Engine: [raw sql] ()
2022-04-27 14:44:26,012 [INFO] sqlalchemy.engine.Engine: PRAGMA temp.table_info("songs")
2022-04-27 14:44:26,013 [INFO] sqlalchemy.engine.Engine: [raw sql] ()
2022-04-27 14:44:26,013 [INFO] sqlalchemy.engine.Engine: PRAGMA main.table_info("locations")
2022-04-27 14:44:26,014 [INFO] sqlalchemy.engine.Engine: [raw sql] ()
2022-04-27 14:44:26,014 [INFO] sqlalchemy.engine.Engine: PRAGMA temp.table_info("locations")
2022-04-27 14:44:26,015 [INFO] sqlalchemy.engine.Engine: [raw sql] ()
2022-04-27 14:44:26,016 [INFO] sqlalchemy.engine.Engine: PRAGMA main.table_info("users")
2022-04-27 14:44:26,016 [INFO] sqlalchemy.engine.Engine: [raw sql] ()
2022-04-27 14:44:26,017 [INFO] sqlalchemy.engine.Engine: PRAGMA temp.table_info("users")
2022-04-27 14:44:26,018 [INFO] sqlalchemy.engine.Engine: [raw sql] ()
2022-04-27 14:44:26,020 [INFO] sqlalchemy.engine.Engine: 
CREATE TABLE users (
	id INTEGER NOT NULL, 
	email VARCHAR(120) NOT NULL, 
	password VARCHAR(300) NOT NULL, 
	about VARCHAR(300), 
	authenticated BOOLEAN, 
	registered_on DATETIME, 
	is_active BOOLEAN DEFAULT '1' NOT NULL, 
	is_admin BOOLEAN DEFAULT '0' NOT NULL, 
	PRIMARY KEY (id), 
	UNIQUE (email)
)


2022-04-27 14:44:26,020 [INFO] sqlalchemy.engine.Engine: [no key 0.00065s] ()
2022-04-27 14:44:26,021 [INFO] sqlalchemy.engine.Engine: 
CREATE TABLE songs (
	id INTEGER NOT NULL, 
	title VARCHAR(300), 
	artist VARCHAR(300), 
	genre VARCHAR(300), 
	year VARCHAR(300), 
	user_id INTEGER, 
	PRIMARY KEY (id), 
	FOREIGN KEY(user_id) REFERENCES users (id)
)


2022-04-27 14:44:26,022 [INFO] sqlalchemy.engine.Engine: [no key 0.00045s] ()
2022-04-27 14:44:26,022 [INFO] sqlalchemy.engine.Engine: 
CREATE TABLE locations (
	id INTEGER NOT NULL, 
	title VARCHAR(300), 
	longitude VARCHAR(300), 
	latitude VARCHAR(300), 
	population INTEGER, 
	user_id INTEGER, 
	PRIMARY KEY (id), 
	FOREIGN KEY(user_id) REFERENCES users (id)
)


2022-04-27 14:44:26,023 [INFO] sqlalchemy.engine.Engine: [no key 0.00063s] ()
2022-04-27 14:44:26,024 [INFO] sqlalchemy.engine.Engine: COMMIT
2022-04-27 14:44:26,029 [INFO] sqlalchemy.engine.Engine: BEGIN (implicit)
2022-04-27 14:44:26,030 [INFO] sqlalchemy.engine.Engine: PRAGMA main.table_info("songs")
2022-04-27 14:44:26,031 [INFO] sqlalchemy.engine.Engine: [raw sql] ()
2022-04-27 14:44:26,032 [INFO] sqlalchemy.engine.Engine: PRAGMA main.table_info("locations")
2022-04-27 14:44:26,032 [INFO] sqlalchemy.engine.Engine: [raw sql] ()
2022-04-27 14:44:26,033 [INFO] sqlalchemy.engine.Engine: PRAGMA main.table_info("users")
2022-04-27 14:44:26,033 [INFO] sqlalchemy.engine.Engine: [raw sql] ()
2022-04-27 14:44:26,034 [INFO] sqlalchemy.engine.Engine: COMMIT
2022-04-27 14:44:26,036 [INFO] sqlalchemy.engine.Engine: BEGIN (implicit)
2022-04-27 14:44:26,037 [INFO] sqlalchemy.engine.Engine: PRAGMA main.table_info("songs")
2022-04-27 14:44:26,037 [INFO] sqlalchemy.engine.Engine: [raw sql] ()
2022-04-27 14:44:26,038 [INFO] sqlalchemy.engine.Engine: PRAGMA main.table_info("locations")
2022-04-27 14:44:26,038 [INFO] sqlalchemy.engine.Engine: [raw sql] ()
2022-04-27 14:44:26,039 [INFO] sqlalchemy.engine.Engine: PRAGMA main.table_info("users")
2022-04-27 14:44:26,040 [INFO] sqlalchemy.engine.Engine: [raw sql] ()
2022-04-27 14:44:26,040 [INFO] sqlalchemy.engine.Engine: COMMIT
2022-04-27 14:44:26,246 [INFO] sqlalchemy.engine.Engine: BEGIN (implicit)
2022-04-27 14:44:26,247 [INFO] sqlalchemy.engine.Engine: PRAGMA main.table_info("songs")
2022-04-27 14:44:26,248 [INFO] sqlalchemy.engine.Engine: [raw sql] ()
2022-04-27 14:44:26,249 [INFO] sqlalchemy.engine.Engine: PRAGMA temp.table_info("songs")
2022-04-27 14:44:26,249 [INFO] sqlalchemy.engine.Engine: [raw sql] ()
2022-04-27 14:44:26,250 [INFO] sqlalchemy.engine.Engine: PRAGMA main.table_info("locations")
2022-04-27 14:44:26,251 [INFO] sqlalchemy.engine.Engine: [raw sql] ()
2022-04-27 14:44:26,251 [INFO] sqlalchemy.engine.Engine: PRAGMA temp.table_info("locations")
2022-04-27 14:44:26,252 [INFO] sqlalchemy.engine.Engine: [raw sql] ()
2022-04-27 14:44:26,252 [INFO] sqlalchemy.engine.Engine: PRAGMA main.table_info("users")
2022-04-27 14:44:26,253 [INFO] sqlalchemy.engine.Engine: [raw sql] ()
2022-04-27 14:44:26,254 [INFO] sqlalchemy.engine.Engine: PRAGMA temp.table_info("users")
2022-04-27 14:44:26,254 [INFO] sqlalchemy.engine.Engine: [raw sql] ()
2022-04-27 14:44:26,255 [INFO] sqlalchemy.engine.Engine: 
CREATE TABLE users (
	id INTEGER NOT NULL, 
	email VARCHAR(120) NOT NULL, 
	password VARCHAR(300) NOT NULL, 
	about VARCHAR(300), 
	authenticated BOOLEAN, 
	registered_on DATETIME, 
	is_active BOOLEAN DEFAULT '1' NOT NULL, 
	is_admin BOOLEAN DEFAULT '0' NOT NULL, 
	PRIMARY KEY (id), 
	UNIQUE (email)
)


2022-04-27 14:44:26,255 [INFO] sqlalchemy.engine.Engine: [no key 0.00049s] ()
2022-04-27 14:44:26,256 [INFO] sqlalchemy.engine.Engine: 
CREATE TABLE songs (
	id INTEGER NOT NULL, 
	title VARCHAR(300), 
	artist VARCHAR(300), 
	genre VARCHAR(300), 
	year VARCHAR(300), 
	user_id INTEGER, 
	PRIMARY KEY (id), 
	FOREIGN KEY(user_id) REFERENCES users (id)
)


2022-04-27 14:44:26,257 [INFO] sqlalchemy.engine.Engine: [no key 0.00042s] ()
2022-04-27 14:44:26,257 [INFO] sqlalchemy.engine.Engine: 
CREATE TABLE locations (
	id INTEGER NOT NULL, 
	title VARCHAR(300), 
	longitude VARCHAR(300), 
	latitude VARCHAR(300), 
	population INTEGER, 
	user_id INTEGER, 
	PRIMARY KEY (id), 
	FOREIGN KEY(user_id) REFERENCES users (id)
)


2022-04-27 14:44:26,258 [INFO] sqlalchemy.engine.Engine: [no key 0.00043s] ()
2022-04-27 14:44:26,258 [INFO] sqlalchemy.engine.Engine: COMMIT
2022-04-27 14:44:26,263 [INFO] sqlalchemy.engine.Engine: BEGIN (implicit)
2022-04-27 14:44:26,264 [INFO] sqlalchemy.engine.Engine: PRAGMA main.table_info("songs")
2022-04-27 14:44:26,264 [INFO] sqlalchemy.engine.Engine: [raw sql] ()
2022-04-27 14:44:26,265 [INFO] sqlalchemy.engine.Engine: PRAGMA main.table_info("locations")
2022-04-27 14:44:26,266 [INFO] sqlalchemy.engine.Engine: [raw sql] ()
2022-04-27 14:44:26,267 [INFO] sqlalchemy.engine.Engine: PRAGMA main.table_info("users")
2022-04-27 14:44:26,268 [INFO] sqlalchemy.engine.Engine: [raw sql] ()
2022-04-27 14:44:26,268 [INFO] sqlalchemy.engine.Engine: COMMIT
2022-04-27 14:44:26,271 [INFO] sqlalchemy.engine.Engine: BEGIN (implicit)
2022-04-27 14:44:26,272 [INFO] sqlalchemy.engine.Engine: PRAGMA main.table_info("songs")
2022-04-27 14:44:26,272 [INFO] sqlalchemy.engine.Engine: [raw sql] ()
2022-04-27 14:44:26,273 [INFO] sqlalchemy.engine.Engine: PRAGMA main.table_info("locations")
2022-04-27 14:44:26,273 [INFO] sqlalchemy.engine.Engine: [raw sql] ()
2022-04-27 14:44:26,274 [INFO] sqlalchemy.engine.Engine: PRAGMA main.table_info("users")
2022-04-27 14:44:26,274 [INFO] sqlalchemy.engine.Engine: [raw sql] ()
2022-04-27 14:44:26,275 [INFO] sqlalchemy.engine.Engine: COMMIT
2022-04-27 14:44:26,460 [INFO] sqlalchemy.engine.Engine: BEGIN (implicit)
2022-04-27 14:44:26,462 [INFO] sqlalchemy.engine.Engine: PRAGMA main.table_info("songs")
2022-04-27 14:44:26,462 [INFO] sqlalchemy.engine.Engine: [raw sql] ()
2022-04-27 14:44:26,463 [INFO] sqlalchemy.engine.Engine: PRAGMA temp.table_info("songs")
2022-04-27 14:44:26,463 [INFO] sqlalchemy.engine.Engine: [raw sql] ()
2022-04-27 14:44:26,464 [INFO] sqlalchemy.engine.Engine: PRAGMA main.table_info("locations")
2022-04-27 14:44:26,464 [INFO] sqlalchemy.engine.Engine: [raw sql] ()
2022-04-27 14:44:26,465 [INFO] sqlalchemy.engine.Engine: PRAGMA temp.table_info("locations")
2022-04-27 14:44:26,465 [INFO] sqlalchemy.engine.Engine: [raw sql] ()
2022-04-27 14:44:26,467 [INFO] sqlalchemy.engine.Engine: PRAGMA main.table_info("users")
2022-04-27 14:44:26,467 [INFO] sqlalchemy.engine.Engine: [raw sql] ()
2022-04-27 14:44:26,468 [INFO] sqlalchemy.engine.Engine: PRAGMA temp.table_info("users")
2022-04-27 14:44:26,468 [INFO] sqlalchemy.engine.Engine: [raw sql] ()
2022-04-27 14:44:26,469 [INFO] sqlalchemy.engine.Engine: 
CREATE TABLE users (
	id INTEGER NOT NULL, 
	email VARCHAR(120) NOT NULL, 
	password VARCHAR(300) NOT NULL, 
	about VARCHAR(300), 
	authenticated BOOLEAN, 
	registered_on DATETIME, 
	is_active BOOLEAN DEFAULT '1' NOT NULL, 
	is_admin BOOLEAN DEFAULT '0' NOT NULL, 
	PRIMARY KEY (id), 
	UNIQUE (email)
)


2022-04-27 14:44:26,470 [INFO] sqlalchemy.engine.Engine: [no key 0.00049s] ()
2022-04-27 14:44:26,471 [INFO] sqlalchemy.engine.Engine: 
CREATE TABLE songs (
	id INTEGER NOT NULL, 
	title VARCHAR(300), 
	artist VARCHAR(300), 
	genre VARCHAR(300), 
	year VARCHAR(300), 
	user_id INTEGER, 
	PRIMARY KEY (id), 
	FOREIGN KEY(user_id) REFERENCES users (id)
)


2022-04-27 14:44:26,471 [INFO] sqlalchemy.engine.Engine: [no key 0.00048s] ()
2022-04-27 14:44:26,472 [INFO] sqlalchemy.engine.Engine: 
CREATE TABLE locations (
	id INTEGER NOT NULL, 
	title VARCHAR(300), 
	longitude VARCHAR(300), 
	latitude VARCHAR(300), 
	population INTEGER, 
	user_id INTEGER, 
	PRIMARY KEY (id), 
	FOREIGN KEY(user_id) REFERENCES users (id)
)


2022-04-27 14:44:26,473 [INFO] sqlalchemy.engine.Engine: [no key 0.00047s] ()
2022-04-27 14:44:26,473 [INFO] sqlalchemy.engine.Engine: COMMIT
2022-04-27 14:44:26,477 [INFO] sqlalchemy.engine.Engine: BEGIN (implicit)
2022-04-27 14:44:26,478 [INFO] sqlalchemy.engine.Engine: PRAGMA main.table_info("songs")
2022-04-27 14:44:26,479 [INFO] sqlalchemy.engine.Engine: [raw sql] ()
2022-04-27 14:44:26,479 [INFO] sqlalchemy.engine.Engine: PRAGMA main.table_info("locations")
2022-04-27 14:44:26,480 [INFO] sqlalchemy.engine.Engine: [raw sql] ()
2022-04-27 14:44:26,480 [INFO] sqlalchemy.engine.Engine: PRAGMA main.table_info("users")
2022-04-27 14:44:26,481 [INFO] sqlalchemy.engine.Engine: [raw sql] ()
2022-04-27 14:44:26,482 [INFO] sqlalchemy.engine.Engine: COMMIT
2022-04-27 14:44:26,485 [INFO] sqlalchemy.engine.Engine: BEGIN (implicit)
2022-04-27 14:44:26,486 [INFO] sqlalchemy.engine.Engine: PRAGMA main.table_info("songs")
2022-04-27 14:44:26,486 [INFO] sqlalchemy.engine.Engine: [raw sql] ()
2022-04-27 14:44:26,487 [INFO] sqlalchemy.engine.Engine: PRAGMA main.table_info("locations")
2022-04-27 14:44:26,488 [INFO] sqlalchemy.engine.Engine: [raw sql] ()
2022-04-27 14:44:26,488 [INFO] sqlalchemy.engine.Engine: PRAGMA main.table_info("users")
2022-04-27 14:44:26,488 [INFO] sqlalchemy.engine.Engine: [raw sql] ()
2022-04-27 14:44:26,489 [INFO] sqlalchemy.engine.Engine: COMMIT
2022-04-27 14:44:26,682 [INFO] sqlalchemy.engine.Engine: BEGIN (implicit)
2022-04-27 14:44:26,683 [INFO] sqlalchemy.engine.Engine: PRAGMA main.table_info("songs")
2022-04-27 14:44:26,683 [INFO] sqlalchemy.engine.Engine: [raw sql] ()
2022-04-27 14:44:26,684 [INFO] sqlalchemy.engine.Engine: PRAGMA temp.table_info("songs")
2022-04-27 14:44:26,684 [INFO] sqlalchemy.engine.Engine: [raw sql] ()
2022-04-27 14:44:26,685 [INFO] sqlalchemy.engine.Engine: PRAGMA main.table_info("locations")
2022-04-27 14:44:26,685 [INFO] sqlalchemy.engine.Engine: [raw sql] ()
2022-04-27 14:44:26,686 [INFO] sqlalchemy.engine.Engine: PRAGMA temp.table_info("locations")
2022-04-27 14:44:26,686 [INFO] sqlalchemy.engine.Engine: [raw sql] ()
2022-04-27 14:44:26,687 [INFO] sqlalchemy.engine.Engine: PRAGMA main.table_info("users")
2022-04-27 14:44:26,687 [INFO] sqlalchemy.engine.Engine: [raw sql] ()
2022-04-27 14:44:26,688 [INFO] sqlalchemy.engine.Engine: PRAGMA temp.table_info("users")
2022-04-27 14:44:26,688 [INFO] sqlalchemy.engine.Engine: [raw sql] ()
2022-04-27 14:44:26,690 [INFO] sqlalchemy.engine.Engine: 
CREATE TABLE users (
	id INTEGER NOT NULL, 
	email VARCHAR(120) NOT NULL, 
	password VARCHAR(300) NOT NULL, 
	about VARCHAR(300), 
	authenticated BOOLEAN, 
	registered_on DATETIME, 
	is_active BOOLEAN DEFAULT '1' NOT NULL, 
	is_admin BOOLEAN DEFAULT '0' NOT NULL, 
	PRIMARY KEY (id), 
	UNIQUE (email)
)


2022-04-27 14:44:26,690 [INFO] sqlalchemy.engine.Engine: [no key 0.00051s] ()
2022-04-27 14:44:26,691 [INFO] sqlalchemy.engine.Engine: 
CREATE TABLE songs (
	id INTEGER NOT NULL, 
	title VARCHAR(300), 
	artist VARCHAR(300), 
	genre VARCHAR(300), 
	year VARCHAR(300), 
	user_id INTEGER, 
	PRIMARY KEY (id), 
	FOREIGN KEY(user_id) REFERENCES users (id)
)


2022-04-27 14:44:26,691 [INFO] sqlalchemy.engine.Engine: [no key 0.00042s] ()
2022-04-27 14:44:26,692 [INFO] sqlalchemy.engine.Engine: 
CREATE TABLE locations (
	id INTEGER NOT NULL, 
	title VARCHAR(300), 
	longitude VARCHAR(300), 
	latitude VARCHAR(300), 
	population INTEGER, 
	user_id INTEGER, 
	PRIMARY KEY (id), 
	FOREIGN KEY(user_id) REFERENCES users (id)
)


2022-04-27 14:44:26,693 [INFO] sqlalchemy.engine.Engine: [no key 0.00056s] ()
2022-04-27 14:44:26,693 [INFO] sqlalchemy.engine.Engine: COMMIT
2022-04-27 14:44:26,698 [INFO] sqlalchemy.engine.Engine: BEGIN (implicit)
2022-04-27 14:44:26,699 [INFO] sqlalchemy.engine.Engine: PRAGMA main.table_info("songs")
2022-04-27 14:44:26,700 [INFO] sqlalchemy.engine.Engine: [raw sql] ()
2022-04-27 14:44:26,701 [INFO] sqlalchemy.engine.Engine: PRAGMA main.table_info("locations")
2022-04-27 14:44:26,702 [INFO] sqlalchemy.engine.Engine: [raw sql] ()
2022-04-27 14:44:26,703 [INFO] sqlalchemy.engine.Engine: PRAGMA main.table_info("users")
2022-04-27 14:44:26,703 [INFO] sqlalchemy.engine.Engine: [raw sql] ()
2022-04-27 14:44:26,704 [INFO] sqlalchemy.engine.Engine: COMMIT
2022-04-27 14:44:26,706 [INFO] sqlalchemy.engine.Engine: BEGIN (implicit)
2022-04-27 14:44:26,707 [INFO] sqlalchemy.engine.Engine: PRAGMA main.table_info("songs")
2022-04-27 14:44:26,708 [INFO] sqlalchemy.engine.Engine: [raw sql] ()
2022-04-27 14:44:26,708 [INFO] sqlalchemy.engine.Engine: PRAGMA main.table_info("locations")
2022-04-27 14:44:26,709 [INFO] sqlalchemy.engine.Engine: [raw sql] ()
2022-04-27 14:44:26,710 [INFO] sqlalchemy.engine.Engine: PRAGMA main.table_info("users")
2022-04-27 14:44:26,710 [INFO] sqlalchemy.engine.Engine: [raw sql] ()
2022-04-27 14:44:26,711 [INFO] sqlalchemy.engine.Engine: COMMIT
2022-04-27 14:44:26,941 [INFO] sqlalchemy.engine.Engine: BEGIN (implicit)
2022-04-27 14:44:26,943 [INFO] sqlalchemy.engine.Engine: PRAGMA main.table_info("songs")
2022-04-27 14:44:26,943 [INFO] sqlalchemy.engine.Engine: [raw sql] ()
2022-04-27 14:44:26,944 [INFO] sqlalchemy.engine.Engine: PRAGMA temp.table_info("songs")
2022-04-27 14:44:26,945 [INFO] sqlalchemy.engine.Engine: [raw sql] ()
2022-04-27 14:44:26,946 [INFO] sqlalchemy.engine.Engine: PRAGMA main.table_info("locations")
2022-04-27 14:44:26,946 [INFO] sqlalchemy.engine.Engine: [raw sql] ()
2022-04-27 14:44:26,947 [INFO] sqlalchemy.engine.Engine: PRAGMA temp.table_info("locations")
2022-04-27 14:44:26,948 [INFO] sqlalchemy.engine.Engine: [raw sql] ()
2022-04-27 14:44:26,949 [INFO] sqlalchemy.engine.Engine: PRAGMA main.table_info("users")
2022-04-27 14:44:26,949 [INFO] sqlalchemy.engine.Engine: [raw sql] ()
2022-04-27 14:44:26,950 [INFO] sqlalchemy.engine.Engine: PRAGMA temp.table_info("users")
2022-04-27 14:44:26,951 [INFO] sqlalchemy.engine.Engine: [raw sql] ()
2022-04-27 14:44:26,952 [INFO] sqlalchemy.engine.Engine: 
CREATE TABLE users (
	id INTEGER NOT NULL, 
	email VARCHAR(120) NOT NULL, 
	password VARCHAR(300) NOT NULL, 
	about VARCHAR(300), 
	authenticated BOOLEAN, 
	registered_on DATETIME, 
	is_active BOOLEAN DEFAULT '1' NOT NULL, 
	is_admin BOOLEAN DEFAULT '0' NOT NULL, 
	PRIMARY KEY (id), 
	UNIQUE (email)
)


2022-04-27 14:44:26,953 [INFO] sqlalchemy.engine.Engine: [no key 0.00060s] ()
2022-04-27 14:44:26,954 [INFO] sqlalchemy.engine.Engine: 
CREATE TABLE songs (
	id INTEGER NOT NULL, 
	title VARCHAR(300), 
	artist VARCHAR(300), 
	genre VARCHAR(300), 
	year VARCHAR(300), 
	user_id INTEGER, 
	PRIMARY KEY (id), 
	FOREIGN KEY(user_id) REFERENCES users (id)
)


2022-04-27 14:44:26,955 [INFO] sqlalchemy.engine.Engine: [no key 0.00056s] ()
2022-04-27 14:44:26,956 [INFO] sqlalchemy.engine.Engine: 
CREATE TABLE locations (
	id INTEGER NOT NULL, 
	title VARCHAR(300), 
	longitude VARCHAR(300), 
	latitude VARCHAR(300), 
	population INTEGER, 
	user_id INTEGER, 
	PRIMARY KEY (id), 
	FOREIGN KEY(user_id) REFERENCES users (id)
)


2022-04-27 14:44:26,957 [INFO] sqlalchemy.engine.Engine: [no key 0.00041s] ()
2022-04-27 14:44:26,958 [INFO] sqlalchemy.engine.Engine: COMMIT
2022-04-27 14:44:26,963 [INFO] sqlalchemy.engine.Engine: BEGIN (implicit)
2022-04-27 14:44:26,964 [INFO] sqlalchemy.engine.Engine: PRAGMA main.table_info("songs")
2022-04-27 14:44:26,964 [INFO] sqlalchemy.engine.Engine: [raw sql] ()
2022-04-27 14:44:26,965 [INFO] sqlalchemy.engine.Engine: PRAGMA main.table_info("locations")
2022-04-27 14:44:26,966 [INFO] sqlalchemy.engine.Engine: [raw sql] ()
2022-04-27 14:44:26,967 [INFO] sqlalchemy.engine.Engine: PRAGMA main.table_info("users")
2022-04-27 14:44:26,967 [INFO] sqlalchemy.engine.Engine: [raw sql] ()
2022-04-27 14:44:26,968 [INFO] sqlalchemy.engine.Engine: COMMIT
2022-04-27 14:44:26,970 [INFO] sqlalchemy.engine.Engine: BEGIN (implicit)
2022-04-27 14:44:26,970 [INFO] sqlalchemy.engine.Engine: PRAGMA main.table_info("songs")
2022-04-27 14:44:26,970 [INFO] sqlalchemy.engine.Engine: [raw sql] ()
2022-04-27 14:44:26,971 [INFO] sqlalchemy.engine.Engine: PRAGMA main.table_info("locations")
2022-04-27 14:44:26,972 [INFO] sqlalchemy.engine.Engine: [raw sql] ()
2022-04-27 14:44:26,973 [INFO] sqlalchemy.engine.Engine: PRAGMA main.table_info("users")
2022-04-27 14:44:26,973 [INFO] sqlalchemy.engine.Engine: [raw sql] ()
2022-04-27 14:44:26,974 [INFO] sqlalchemy.engine.Engine: COMMIT
2022-04-27 14:44:27,246 [INFO] sqlalchemy.engine.Engine: BEGIN (implicit)
2022-04-27 14:44:27,247 [INFO] sqlalchemy.engine.Engine: PRAGMA main.table_info("songs")
2022-04-27 14:44:27,247 [INFO] sqlalchemy.engine.Engine: [raw sql] ()
2022-04-27 14:44:27,248 [INFO] sqlalchemy.engine.Engine: PRAGMA temp.table_info("songs")
2022-04-27 14:44:27,248 [INFO] sqlalchemy.engine.Engine: [raw sql] ()
2022-04-27 14:44:27,249 [INFO] sqlalchemy.engine.Engine: PRAGMA main.table_info("locations")
2022-04-27 14:44:27,250 [INFO] sqlalchemy.engine.Engine: [raw sql] ()
2022-04-27 14:44:27,250 [INFO] sqlalchemy.engine.Engine: PRAGMA temp.table_info("locations")
2022-04-27 14:44:27,251 [INFO] sqlalchemy.engine.Engine: [raw sql] ()
2022-04-27 14:44:27,251 [INFO] sqlalchemy.engine.Engine: PRAGMA main.table_info("users")
2022-04-27 14:44:27,251 [INFO] sqlalchemy.engine.Engine: [raw sql] ()
2022-04-27 14:44:27,252 [INFO] sqlalchemy.engine.Engine: PRAGMA temp.table_info("users")
2022-04-27 14:44:27,252 [INFO] sqlalchemy.engine.Engine: [raw sql] ()
2022-04-27 14:44:27,254 [INFO] sqlalchemy.engine.Engine: 
CREATE TABLE users (
	id INTEGER NOT NULL, 
	email VARCHAR(120) NOT NULL, 
	password VARCHAR(300) NOT NULL, 
	about VARCHAR(300), 
	authenticated BOOLEAN, 
	registered_on DATETIME, 
	is_active BOOLEAN DEFAULT '1' NOT NULL, 
	is_admin BOOLEAN DEFAULT '0' NOT NULL, 
	PRIMARY KEY (id), 
	UNIQUE (email)
)


2022-04-27 14:44:27,254 [INFO] sqlalchemy.engine.Engine: [no key 0.00045s] ()
2022-04-27 14:44:27,255 [INFO] sqlalchemy.engine.Engine: 
CREATE TABLE songs (
	id INTEGER NOT NULL, 
	title VARCHAR(300), 
	artist VARCHAR(300), 
	genre VARCHAR(300), 
	year VARCHAR(300), 
	user_id INTEGER, 
	PRIMARY KEY (id), 
	FOREIGN KEY(user_id) REFERENCES users (id)
)


2022-04-27 14:44:27,255 [INFO] sqlalchemy.engine.Engine: [no key 0.00046s] ()
2022-04-27 14:44:27,257 [INFO] sqlalchemy.engine.Engine: 
CREATE TABLE locations (
	id INTEGER NOT NULL, 
	title VARCHAR(300), 
	longitude VARCHAR(300), 
	latitude VARCHAR(300), 
	population INTEGER, 
	user_id INTEGER, 
	PRIMARY KEY (id), 
	FOREIGN KEY(user_id) REFERENCES users (id)
)


2022-04-27 14:44:27,258 [INFO] sqlalchemy.engine.Engine: [no key 0.00062s] ()
2022-04-27 14:44:27,258 [INFO] sqlalchemy.engine.Engine: COMMIT
2022-04-27 14:44:27,266 [INFO] sqlalchemy.engine.Engine: BEGIN (implicit)
2022-04-27 14:44:27,271 [INFO] sqlalchemy.engine.Engine: SELECT count(*) AS count_1 
FROM (SELECT users.is_active AS users_is_active, users.id AS users_id, users.email AS users_email, users.password AS users_password, users.about AS users_about, users.authenticated AS users_authenticated, users.registered_on AS users_registered_on, users.is_admin AS users_is_admin 
FROM users) AS anon_1
2022-04-27 14:44:27,272 [INFO] sqlalchemy.engine.Engine: [generated in 0.00166s] ()
2022-04-27 14:44:27,275 [INFO] sqlalchemy.engine.Engine: SELECT count(*) AS count_1 
FROM (SELECT songs.id AS songs_id, songs.title AS songs_title, songs.artist AS songs_artist, songs.genre AS songs_genre, songs.year AS songs_year, songs.user_id AS songs_user_id 
FROM songs) AS anon_1
2022-04-27 14:44:27,276 [INFO] sqlalchemy.engine.Engine: [generated in 0.00053s] ()
2022-04-27 14:44:27,279 [INFO] sqlalchemy.engine.Engine: INSERT INTO users (email, password, about, authenticated, registered_on) VALUES (?, ?, ?, ?, ?)
2022-04-27 14:44:27,280 [INFO] sqlalchemy.engine.Engine: [generated in 0.00074s] ('keith@webizly.com', 'testtest', None, 0, '2022-04-27 14:44:27.277116')
2022-04-27 14:44:27,282 [INFO] sqlalchemy.engine.Engine: SELECT users.is_active AS users_is_active, users.id AS users_id, users.email AS users_email, users.password AS users_password, users.about AS users_about, users.authenticated AS users_authenticated, users.registered_on AS users_registered_on, users.is_admin AS users_is_admin 
FROM users 
WHERE users.email = ?
 LIMIT ? OFFSET ?
2022-04-27 14:44:27,283 [INFO] sqlalchemy.engine.Engine: [generated in 0.00064s] ('keith@webizly.com', 1, 0)
2022-04-27 14:44:27,286 [INFO] sqlalchemy.engine.Engine: SELECT songs.id AS songs_id, songs.title AS songs_title, songs.artist AS songs_artist, songs.genre AS songs_genre, songs.year AS songs_year, songs.user_id AS songs_user_id 
FROM songs 
WHERE ? = songs.user_id
2022-04-27 14:44:27,287 [INFO] sqlalchemy.engine.Engine: [generated in 0.00090s] (1,)
2022-04-27 14:44:27,289 [INFO] sqlalchemy.engine.Engine: INSERT INTO songs (title, artist, genre, year, user_id) VALUES (?, ?, ?, ?, ?)
2022-04-27 14:44:27,290 [INFO] sqlalchemy.engine.Engine: [generated in 0.00057s] ('test', 'smap', 'rock', '2017', 1)
2022-04-27 14:44:27,291 [INFO] sqlalchemy.engine.Engine: INSERT INTO songs (title, artist, genre, year, user_id) VALUES (?, ?, ?, ?, ?)
2022-04-27 14:44:27,291 [INFO] sqlalchemy.engine.Engine: [cached since 0.001719s ago] ('test2', 'te', 'pop', '2018', 1)
2022-04-27 14:44:27,292 [INFO] sqlalchemy.engine.Engine: COMMIT
2022-04-27 14:44:27,293 [INFO] sqlalchemy.engine.Engine: BEGIN (implicit)
2022-04-27 14:44:27,294 [INFO] sqlalchemy.engine.Engine: SELECT count(*) AS count_1 
FROM (SELECT songs.id AS songs_id, songs.title AS songs_title, songs.artist AS songs_artist, songs.genre AS songs_genre, songs.year AS songs_year, songs.user_id AS songs_user_id 
FROM songs) AS anon_1
2022-04-27 14:44:27,294 [INFO] sqlalchemy.engine.Engine: [cached since 0.01927s ago] ()
2022-04-27 14:44:27,296 [INFO] sqlalchemy.engine.Engine: SELECT songs.id AS songs_id, songs.title AS songs_title, songs.artist AS songs_artist, songs.genre AS songs_genre, songs.year AS songs_year, songs.user_id AS songs_user_id 
FROM songs 
WHERE songs.title = ?
 LIMIT ? OFFSET ?
2022-04-27 14:44:27,296 [INFO] sqlalchemy.engine.Engine: [generated in 0.00050s] ('test', 1, 0)
2022-04-27 14:44:27,298 [INFO] sqlalchemy.engine.Engine: UPDATE songs SET title=? WHERE songs.id = ?
2022-04-27 14:44:27,298 [INFO] sqlalchemy.engine.Engine: [generated in 0.00048s] ('SuperSongTitle', 1)
2022-04-27 14:44:27,299 [INFO] sqlalchemy.engine.Engine: COMMIT
2022-04-27 14:44:27,300 [INFO] sqlalchemy.engine.Engine: BEGIN (implicit)
2022-04-27 14:44:27,301 [INFO] sqlalchemy.engine.Engine: SELECT songs.id AS songs_id, songs.title AS songs_title, songs.artist AS songs_artist, songs.genre AS songs_genre, songs.year AS songs_year, songs.user_id AS songs_user_id 
FROM songs 
WHERE songs.title = ?
 LIMIT ? OFFSET ?
2022-04-27 14:44:27,301 [INFO] sqlalchemy.engine.Engine: [cached since 0.00557s ago] ('SuperSongTitle', 1, 0)
2022-04-27 14:44:27,303 [INFO] sqlalchemy.engine.Engine: SELECT users.is_active AS users_is_active, users.id AS users_id, users.email AS users_email, users.password AS users_password, users.about AS users_about, users.authenticated AS users_authenticated, users.registered_on AS users_registered_on, users.is_admin AS users_is_admin 
FROM users 
WHERE users.id = ?
2022-04-27 14:44:27,304 [INFO] sqlalchemy.engine.Engine: [generated in 0.00070s] (1,)
2022-04-27 14:44:27,306 [INFO] sqlalchemy.engine.Engine: SELECT songs.id AS songs_id, songs.title AS songs_title, songs.artist AS songs_artist, songs.genre AS songs_genre, songs.year AS songs_year, songs.user_id AS songs_user_id 
FROM songs 
WHERE ? = songs.user_id
2022-04-27 14:44:27,306 [INFO] sqlalchemy.engine.Engine: [cached since 0.02058s ago] (1,)
2022-04-27 14:44:27,308 [INFO] sqlalchemy.engine.Engine: SELECT locations.id AS locations_id, locations.title AS locations_title, locations.longitude AS locations_longitude, locations.latitude AS locations_latitude, locations.population AS locations_population, locations.user_id AS locations_user_id 
FROM locations 
WHERE ? = locations.user_id
2022-04-27 14:44:27,309 [INFO] sqlalchemy.engine.Engine: [generated in 0.00061s] (1,)
2022-04-27 14:44:27,312 [INFO] sqlalchemy.engine.Engine: DELETE FROM songs WHERE songs.id = ?
2022-04-27 14:44:27,312 [INFO] sqlalchemy.engine.Engine: [generated in 0.00082s] ((1,), (2,))
2022-04-27 14:44:27,319 [INFO] sqlalchemy.engine.Engine: DELETE FROM users WHERE users.id = ?
2022-04-27 14:44:27,320 [INFO] sqlalchemy.engine.Engine: [generated in 0.00067s] (1,)
2022-04-27 14:44:27,321 [INFO] sqlalchemy.engine.Engine: SELECT count(*) AS count_1 
FROM (SELECT users.is_active AS users_is_active, users.id AS users_id, users.email AS users_email, users.password AS users_password, users.about AS users_about, users.authenticated AS users_authenticated, users.registered_on AS users_registered_on, users.is_admin AS users_is_admin 
FROM users) AS anon_1
2022-04-27 14:44:27,321 [INFO] sqlalchemy.engine.Engine: [cached since 0.05101s ago] ()
2022-04-27 14:44:27,322 [INFO] sqlalchemy.engine.Engine: SELECT count(*) AS count_1 
FROM (SELECT songs.id AS songs_id, songs.title AS songs_title, songs.artist AS songs_artist, songs.genre AS songs_genre, songs.year AS songs_year, songs.user_id AS songs_user_id 
FROM songs) AS anon_1
2022-04-27 14:44:27,323 [INFO] sqlalchemy.engine.Engine: [cached since 0.04803s ago] ()
2022-04-27 14:44:27,324 [INFO] sqlalchemy.engine.Engine: ROLLBACK
